Using pre-set license
Built from '2020.3/staging' branch; Version is '2020.3.25f1 (9b9180224418) revision 10195328'; Using compiler version '192528614'; Build Type 'Release'
OS: 'Windows 10  (10.0.19044) 64bit Professional' Language: 'en' Physical Memory: 28565 MB
BatchMode: 1, IsHumanControllingUs: 0, StartBugReporterOnCrash: 0, Is64bit: 1, IsPro: 0

COMMAND LINE ARGUMENTS:
C:\Program Files\Unity\Hub\Editor\2020.3.25f1\Editor\Unity.exe
-adb2
-batchMode
-noUpm
-name
AssetImportWorker0
-projectPath
C:/Users/kenn/Unity/VR Farm
-logFile
Logs/AssetImportWorker0.log
-srvPort
64961
Successfully changed project path to: C:/Users/kenn/Unity/VR Farm
C:/Users/kenn/Unity/VR Farm
Using Asset Import Pipeline V2.
Refreshing native plugins compatible for Editor in 87.93 ms, found 2 plugins.
Preloading 0 native plugins for Editor in 0.00 ms.
Initialize engine version: 2020.3.25f1 (9b9180224418)
[Subsystems] Discovering subsystems at path C:/Program Files/Unity/Hub/Editor/2020.3.25f1/Editor/Data/Resources/UnitySubsystems
[Subsystems] Discovering subsystems at path C:/Users/kenn/Unity/VR Farm/Assets
GfxDevice: creating device client; threaded=0
Direct3D:
    Version:  Direct3D 11.0 [level 11.1]
    Renderer: NVIDIA GeForce RTX 3060 (ID=0x2487)
    Vendor:   
    VRAM:     12124 MB
    Driver:   31.0.15.3179
Initialize mono
Mono path[0] = 'C:/Program Files/Unity/Hub/Editor/2020.3.25f1/Editor/Data/Managed'
Mono path[1] = 'C:/Program Files/Unity/Hub/Editor/2020.3.25f1/Editor/Data/MonoBleedingEdge/lib/mono/unityjit'
Mono config path = 'C:/Program Files/Unity/Hub/Editor/2020.3.25f1/Editor/Data/MonoBleedingEdge/etc'
Using monoOptions --debugger-agent=transport=dt_socket,embedding=1,server=y,suspend=n,address=127.0.0.1:56732
Begin MonoManager ReloadAssembly
Registering precompiled unity dll's ...
Register platform support module: C:/Program Files/Unity/Hub/Editor/2020.3.25f1/Editor/Data/PlaybackEngines/WebGLSupport/UnityEditor.WebGL.Extensions.dll
Register platform support module: C:/Program Files/Unity/Hub/Editor/2020.3.25f1/Editor/Data/PlaybackEngines/WindowsStandaloneSupport/UnityEditor.WindowsStandalone.Extensions.dll
Registered in 0.002469 seconds.
Native extension for WindowsStandalone target not found
Native extension for WebGL target not found
Refreshing native plugins compatible for Editor in 88.31 ms, found 2 plugins.
Preloading 0 native plugins for Editor in 0.00 ms.
Mono: successfully reloaded assembly
- Completed reload, in  0.551 seconds
Domain Reload Profiling:
	ReloadAssembly (552ms)
		BeginReloadAssembly (47ms)
			ExecutionOrderSort (0ms)
			DisableScriptedObjects (0ms)
			BackupInstance (0ms)
			ReleaseScriptingObjects (0ms)
			CreateAndSetChildDomain (1ms)
		EndReloadAssembly (439ms)
			LoadAssemblies (45ms)
			RebuildTransferFunctionScriptingTraits (0ms)
			SetupTypeCache (124ms)
			ReleaseScriptCaches (0ms)
			RebuildScriptCaches (22ms)
			SetupLoadedEditorAssemblies (198ms)
				LogAssemblyErrors (0ms)
				InitializePlatformSupportModulesInManaged (5ms)
				SetLoadedEditorAssemblies (0ms)
				RefreshPlugins (88ms)
				BeforeProcessingInitializeOnLoad (9ms)
				ProcessInitializeOnLoadAttributes (72ms)
				ProcessInitializeOnLoadMethodAttributes (24ms)
				AfterProcessingInitializeOnLoad (0ms)
				EditorAssembliesLoaded (0ms)
			ExecutionOrderSort2 (0ms)
			AwakeInstancesAfterBackupRestoration (0ms)
Platform modules already initialized, skipping
Registering precompiled user dll's ...
Registered in 0.006132 seconds.
Begin MonoManager ReloadAssembly
Native extension for WindowsStandalone target not found
Native extension for WebGL target not found
Refreshing native plugins compatible for Editor in 104.30 ms, found 2 plugins.
Preloading 0 native plugins for Editor in 0.00 ms.
Mono: successfully reloaded assembly
- Completed reload, in  1.368 seconds
Domain Reload Profiling:
	ReloadAssembly (1369ms)
		BeginReloadAssembly (128ms)
			ExecutionOrderSort (0ms)
			DisableScriptedObjects (4ms)
			BackupInstance (0ms)
			ReleaseScriptingObjects (0ms)
			CreateAndSetChildDomain (22ms)
		EndReloadAssembly (1185ms)
			LoadAssemblies (96ms)
			RebuildTransferFunctionScriptingTraits (0ms)
			SetupTypeCache (347ms)
			ReleaseScriptCaches (1ms)
			RebuildScriptCaches (76ms)
			SetupLoadedEditorAssemblies (563ms)
				LogAssemblyErrors (0ms)
				InitializePlatformSupportModulesInManaged (4ms)
				SetLoadedEditorAssemblies (0ms)
				RefreshPlugins (104ms)
				BeforeProcessingInitializeOnLoad (98ms)
				ProcessInitializeOnLoadAttributes (291ms)
				ProcessInitializeOnLoadMethodAttributes (59ms)
				AfterProcessingInitializeOnLoad (6ms)
				EditorAssembliesLoaded (0ms)
			ExecutionOrderSort2 (0ms)
			AwakeInstancesAfterBackupRestoration (5ms)
Platform modules already initialized, skipping
========================================================================
Worker process is ready to serve import requests
Launched and connected shader compiler UnityShaderCompiler.exe after 0.04 seconds
Refreshing native plugins compatible for Editor in 2.51 ms, found 2 plugins.
Preloading 0 native plugins for Editor in 0.00 ms.
Unloading 4585 Unused Serialized files (Serialized files now loaded: 0)
System memory in use before: 229.4 MB.
System memory in use after: 229.6 MB.

Unloading 25 unused Assets to reduce memory usage. Loaded Objects now: 5027.
Total: 11.372800 ms (FindLiveObjects: 1.335000 ms CreateObjectMapping: 0.593200 ms MarkObjects: 9.291700 ms  DeleteObjects: 0.150600 ms)

AssetImportParameters requested are different than current active one (requested -> active):
  custom:framework-win-MediaFoundation: 216162199b28c13a410421893ffa2e32 -> 
  custom:video-decoder-ogg-theora: a1e56fd34408186e4bbccfd4996cb3dc -> 
  custom:container-muxer-webm: aa71ff27fc2769a1b78a27578f13a17b -> 
  custom:container-demuxer-webm: 4f35f7cbe854078d1ac9338744f61a02 -> 
  custom:container-demuxer-ogg: 62fdf1f143b41e24485cea50d1cbac27 -> 
  custom:video-encoder-webm-vp8: eb34c28f22e8b96e1ab97ce403110664 -> 
  custom:video-decoder-webm-vp8: 9c59270c3fd7afecdb556c50c9e8de78 -> 
  custom:audio-decoder-ogg-vorbis: bf7c407c2cedff20999df2af8eb42d56 -> 
  custom:audio-encoder-webm-vorbis: bf7c407c2cedff20999df2af8eb42d56 -> 
========================================================================
Received Import Request.
  path: Assets/WaterShaderGraph.shadergraph
  artifactKey: Guid(f7c8d69274d43f448a57e4cb94d78639) Importer(815301076,1909f56bfc062723c751e8b465ee728b)
Start importing Assets/WaterShaderGraph.shadergraph using Guid(f7c8d69274d43f448a57e4cb94d78639) Importer(815301076,1909f56bfc062723c751e8b465ee728b)  -> (artifact id: '7eb3e6d0c8345ae0b98033142d563da5') in 0.082775 seconds 
  Import took 0.097835 seconds .

========================================================================
Received Import Request.
  Time since last request: 863.887380 seconds.
  path: Assets/Myera XR Rig Variant.prefab
  artifactKey: Guid(92ec59d9c001b12419f2801d073ca0ce) Importer(815301076,1909f56bfc062723c751e8b465ee728b)
Start importing Assets/Myera XR Rig Variant.prefab using Guid(92ec59d9c001b12419f2801d073ca0ce) Importer(815301076,1909f56bfc062723c751e8b465ee728b)  -> (artifact id: '440d5926047e066b7c0c8c4556cb8a12') in 0.018411 seconds 
  Import took 0.028079 seconds .

========================================================================
Received Import Request.
  Time since last request: 335.030416 seconds.
  path: Assets/Prefabs/Myera XR Rig Variant.prefab
  artifactKey: Guid(2411721eac3b95a41b8763ab94ec59d6) Importer(815301076,1909f56bfc062723c751e8b465ee728b)
Start importing Assets/Prefabs/Myera XR Rig Variant.prefab using Guid(2411721eac3b95a41b8763ab94ec59d6) Importer(815301076,1909f56bfc062723c751e8b465ee728b)  -> (artifact id: '26799b134698709238acf793fa88f7ca') in 0.338083 seconds 
  Import took 0.349042 seconds .

========================================================================
Received Import Request.
  Time since last request: 0.000179 seconds.
  path: Assets/Prefabs/Scene Select.prefab
  artifactKey: Guid(34182374610a91f4e8b9435507aebaaf) Importer(815301076,1909f56bfc062723c751e8b465ee728b)
Start importing Assets/Prefabs/Scene Select.prefab using Guid(34182374610a91f4e8b9435507aebaaf) Importer(815301076,1909f56bfc062723c751e8b465ee728b)  -> (artifact id: '052f4286d508834312650d862629c6ca') in 0.060477 seconds 
  Import took 0.068151 seconds .

========================================================================
Received Import Request.
  Time since last request: 11.843088 seconds.
  path: Assets/BNG Framework/Scripts/Core/InputBridge.cs
  artifactKey: Guid(49877b2c8de1d6e4ebc9ca5d8ea02d78) Importer(815301076,1909f56bfc062723c751e8b465ee728b)
Start importing Assets/BNG Framework/Scripts/Core/InputBridge.cs using Guid(49877b2c8de1d6e4ebc9ca5d8ea02d78) Importer(815301076,1909f56bfc062723c751e8b465ee728b)  -> (artifact id: 'f78337aa050acf25034e06ecd78164eb') in 0.020203 seconds 
  Import took 0.027792 seconds .

========================================================================
Received Import Request.
  Time since last request: 38.019507 seconds.
  path: Assets/00_ART/Meshes
  artifactKey: Guid(f6c1eb32ecfd7184abe4e020018e39b1) Importer(815301076,1909f56bfc062723c751e8b465ee728b)
Start importing Assets/00_ART/Meshes using Guid(f6c1eb32ecfd7184abe4e020018e39b1) Importer(815301076,1909f56bfc062723c751e8b465ee728b)  -> (artifact id: 'eda055b9e6599591003db1efd530f296') in 0.014319 seconds 
  Import took 0.021847 seconds .

========================================================================
Received Import Request.
  Time since last request: 1.230873 seconds.
  path: Assets/00_ART/Meshes/Myera_Fish_Farm
  artifactKey: Guid(52b1f0aee002bb143ba3cead6fdb3be6) Importer(815301076,1909f56bfc062723c751e8b465ee728b)
Start importing Assets/00_ART/Meshes/Myera_Fish_Farm using Guid(52b1f0aee002bb143ba3cead6fdb3be6) Importer(815301076,1909f56bfc062723c751e8b465ee728b)  -> (artifact id: '1b947f098a49b4356f545d8a3c19cb0f') in 0.012773 seconds 
  Import took 0.019900 seconds .

========================================================================
Received Import Request.
  Time since last request: 1.523627 seconds.
  path: Assets/00_ART/Meshes/Myera_Fish_Farm/PPEandSafety
  artifactKey: Guid(1b5a5df3f24eb9c45a3987eb2b978eb4) Importer(815301076,1909f56bfc062723c751e8b465ee728b)
Start importing Assets/00_ART/Meshes/Myera_Fish_Farm/PPEandSafety using Guid(1b5a5df3f24eb9c45a3987eb2b978eb4) Importer(815301076,1909f56bfc062723c751e8b465ee728b)  -> (artifact id: '58031e7ba7913e216c6c0e03c4fdac54') in 0.013592 seconds 
  Import took 0.021095 seconds .

========================================================================
Received Import Request.
  Time since last request: 0.058221 seconds.
  path: Assets/00_ART/Meshes/Myera_Fish_Farm/PPEandSafety/SM_N95Mask_1.fbx
  artifactKey: Guid(6cd830676ce1637419921cd77150efd8) Importer(815301076,1909f56bfc062723c751e8b465ee728b)
Start importing Assets/00_ART/Meshes/Myera_Fish_Farm/PPEandSafety/SM_N95Mask_1.fbx using Guid(6cd830676ce1637419921cd77150efd8) Importer(815301076,1909f56bfc062723c751e8b465ee728b)  -> (artifact id: 'd8c3775827847f8e9c2d152a0d3e49ee') in 0.114390 seconds 
  Import took 0.122076 seconds .

========================================================================
Received Import Request.
  Time since last request: 0.000194 seconds.
  path: Assets/00_ART/Meshes/Myera_Fish_Farm/PPEandSafety/SM_VisitorBadge_1.fbx
  artifactKey: Guid(761dfb17e5d83244c9dfb889f86d99c2) Importer(815301076,1909f56bfc062723c751e8b465ee728b)
Start importing Assets/00_ART/Meshes/Myera_Fish_Farm/PPEandSafety/SM_VisitorBadge_1.fbx using Guid(761dfb17e5d83244c9dfb889f86d99c2) Importer(815301076,1909f56bfc062723c751e8b465ee728b)  -> (artifact id: '6b7f44b2b8b6e7588a554039595f85b5') in 0.028355 seconds 
  Import took 0.035672 seconds .

========================================================================
Received Import Request.
  Time since last request: 8.076654 seconds.
  path: Assets/00_ART/Materials/M_N95Mask.mat
  artifactKey: Guid(facf375be19905843a809b4feb7a68e8) Importer(815301076,1909f56bfc062723c751e8b465ee728b)
Start importing Assets/00_ART/Materials/M_N95Mask.mat using Guid(facf375be19905843a809b4feb7a68e8) Importer(815301076,1909f56bfc062723c751e8b465ee728b)  -> (artifact id: '4207b36ab9eb432a6a0fef0d215ec5ff') in 0.039873 seconds 
  Import took 0.047933 seconds .

========================================================================
Received Import Request.
  Time since last request: 0.000189 seconds.
  path: Assets/00_ART/Materials/M_VisitorBadge.mat
  artifactKey: Guid(a6e7128f99f1c1e4fb2aab4742702136) Importer(815301076,1909f56bfc062723c751e8b465ee728b)
Start importing Assets/00_ART/Materials/M_VisitorBadge.mat using Guid(a6e7128f99f1c1e4fb2aab4742702136) Importer(815301076,1909f56bfc062723c751e8b465ee728b)  -> (artifact id: '298c9b3216c43e96ac20217d23bda0a8') in 0.023072 seconds 
  Import took 0.030708 seconds .

========================================================================
Received Import Request.
  Time since last request: 45.878706 seconds.
  path: Assets/BNG Framework/Fonts/Montserrat-Light.ttf
  artifactKey: Guid(0ebbcec4dd8e2f040b163f10df7e8382) Importer(815301076,1909f56bfc062723c751e8b465ee728b)
Start importing Assets/BNG Framework/Fonts/Montserrat-Light.ttf using Guid(0ebbcec4dd8e2f040b163f10df7e8382) Importer(815301076,1909f56bfc062723c751e8b465ee728b)  -> (artifact id: '10c69350f1f840c4368766e952141b4d') in 0.036507 seconds 
  Import took 0.043947 seconds .

========================================================================
Received Import Request.
  Time since last request: 0.949884 seconds.
  path: Assets/BNG Framework/Prefabs/UICursor.prefab
  artifactKey: Guid(cda3e347c37ecf24e89b8cd380c7f9f2) Importer(815301076,1909f56bfc062723c751e8b465ee728b)
Start importing Assets/BNG Framework/Prefabs/UICursor.prefab using Guid(cda3e347c37ecf24e89b8cd380c7f9f2) Importer(815301076,1909f56bfc062723c751e8b465ee728b)  -> (artifact id: 'b52b28270b1eede5d60dc46aa66c8e44') in 0.016035 seconds 
  Import took 0.023032 seconds .

========================================================================
Received Import Request.
  Time since last request: 0.904543 seconds.
  path: Assets/BNG Framework/Prefabs/Player
  artifactKey: Guid(2185009f54942c240833ac165abddac4) Importer(815301076,1909f56bfc062723c751e8b465ee728b)
Start importing Assets/BNG Framework/Prefabs/Player using Guid(2185009f54942c240833ac165abddac4) Importer(815301076,1909f56bfc062723c751e8b465ee728b)  -> (artifact id: '0f1c9831de7e3dd1beb2d0da7880079b') in 0.012686 seconds 
  Import took 0.019788 seconds .

========================================================================
Received Import Request.
  Time since last request: 0.025102 seconds.
  path: Assets/BNG Framework/Prefabs/Player/XR Rig.prefab
  artifactKey: Guid(2af1d2045149fe743b81bc4d1a6f8406) Importer(815301076,1909f56bfc062723c751e8b465ee728b)
Start importing Assets/BNG Framework/Prefabs/Player/XR Rig.prefab using Guid(2af1d2045149fe743b81bc4d1a6f8406) Importer(815301076,1909f56bfc062723c751e8b465ee728b)  -> (artifact id: '6defafa9cbdc5477817c53625b65a797') in 0.047640 seconds 
  Import took 0.057079 seconds .

========================================================================
Received Import Request.
  Time since last request: 84.175438 seconds.
  path: Assets/New/InputMaster.cs
  artifactKey: Guid(03c907018291bf3458e77b8643fe4888) Importer(815301076,1909f56bfc062723c751e8b465ee728b)
Start importing Assets/New/InputMaster.cs using Guid(03c907018291bf3458e77b8643fe4888) Importer(815301076,1909f56bfc062723c751e8b465ee728b)  -> (artifact id: '28356fef07a9898800680b44f6bba821') in 0.013991 seconds 
  Import took 0.022722 seconds .

========================================================================
Received Import Request.
  Time since last request: 28.331904 seconds.
  path: Assets/MouseLook.cs
  artifactKey: Guid(c3259d7b8e4e70d43b3514d18409acb9) Importer(815301076,1909f56bfc062723c751e8b465ee728b)
Start importing Assets/MouseLook.cs using Guid(c3259d7b8e4e70d43b3514d18409acb9) Importer(815301076,1909f56bfc062723c751e8b465ee728b)  -> (artifact id: 'b19789a4809a9f1ea48fab32c1cb9d0f') in 0.014656 seconds 
  Import took 0.022077 seconds .

========================================================================
Received Import Request.
  Time since last request: 9.504304 seconds.
  path: Assets/MouseLook2.cs
  artifactKey: Guid(c3259d7b8e4e70d43b3514d18409acb9) Importer(815301076,1909f56bfc062723c751e8b465ee728b)
Start importing Assets/MouseLook2.cs using Guid(c3259d7b8e4e70d43b3514d18409acb9) Importer(815301076,1909f56bfc062723c751e8b465ee728b)  -> (artifact id: '6c167ceffc801f01bb88075ac4e5efc1') in 0.013480 seconds 
  Import took 0.020728 seconds .

========================================================================
Received Import Request.
  Time since last request: 12.847569 seconds.
  path: Assets/MouseLook2.cs
  artifactKey: Guid(c3259d7b8e4e70d43b3514d18409acb9) Importer(815301076,1909f56bfc062723c751e8b465ee728b)
Start importing Assets/MouseLook2.cs using Guid(c3259d7b8e4e70d43b3514d18409acb9) Importer(815301076,1909f56bfc062723c751e8b465ee728b)  -> (artifact id: '94b168d665e19b5ed2215217b6dc8d18') in 0.002920 seconds 
  Import took 0.011867 seconds .

========================================================================
Received Import Request.
  Time since last request: 259.705127 seconds.
  path: Assets/Scripts/ShovelDigController.cs
  artifactKey: Guid(2683785ffb79ff24a850bb6cf89a9cc6) Importer(815301076,1909f56bfc062723c751e8b465ee728b)
Start importing Assets/Scripts/ShovelDigController.cs using Guid(2683785ffb79ff24a850bb6cf89a9cc6) Importer(815301076,1909f56bfc062723c751e8b465ee728b)  -> (artifact id: 'f1cb5c8252d9c3eba31f8131e39590d2') in 0.013991 seconds 
  Import took 0.022035 seconds .

========================================================================
Received Prepare
Registering precompiled user dll's ...
Registered in 0.006480 seconds.
Begin MonoManager ReloadAssembly
Native extension for WindowsStandalone target not found
Native extension for WebGL target not found
Refreshing native plugins compatible for Editor in 1.59 ms, found 2 plugins.
Preloading 0 native plugins for Editor in 0.00 ms.
Mono: successfully reloaded assembly
- Completed reload, in  1.382 seconds
Domain Reload Profiling:
	ReloadAssembly (1382ms)
		BeginReloadAssembly (176ms)
			ExecutionOrderSort (0ms)
			DisableScriptedObjects (5ms)
			BackupInstance (0ms)
			ReleaseScriptingObjects (0ms)
			CreateAndSetChildDomain (52ms)
		EndReloadAssembly (1149ms)
			LoadAssemblies (93ms)
			RebuildTransferFunctionScriptingTraits (0ms)
			SetupTypeCache (376ms)
			ReleaseScriptCaches (2ms)
			RebuildScriptCaches (60ms)
			SetupLoadedEditorAssemblies (439ms)
				LogAssemblyErrors (0ms)
				InitializePlatformSupportModulesInManaged (4ms)
				SetLoadedEditorAssemblies (0ms)
				RefreshPlugins (2ms)
				BeforeProcessingInitializeOnLoad (79ms)
				ProcessInitializeOnLoadAttributes (275ms)
				ProcessInitializeOnLoadMethodAttributes (70ms)
				AfterProcessingInitializeOnLoad (8ms)
				EditorAssembliesLoaded (0ms)
			ExecutionOrderSort2 (0ms)
			AwakeInstancesAfterBackupRestoration (16ms)
Platform modules already initialized, skipping
Refreshing native plugins compatible for Editor in 1.34 ms, found 2 plugins.
Preloading 0 native plugins for Editor in 0.00 ms.
Unloading 6218 Unused Serialized files (Serialized files now loaded: 0)
System memory in use before: 293.0 MB.
System memory in use after: 293.2 MB.

Unloading 34 unused Assets to reduce memory usage. Loaded Objects now: 7041.
Total: 5.543100 ms (FindLiveObjects: 0.670000 ms CreateObjectMapping: 0.448100 ms MarkObjects: 4.170900 ms  DeleteObjects: 0.252900 ms)

AssetImportParameters requested are different than current active one (requested -> active):
  custom:framework-win-MediaFoundation: 216162199b28c13a410421893ffa2e32 -> 
  custom:video-decoder-ogg-theora: a1e56fd34408186e4bbccfd4996cb3dc -> 
  custom:container-muxer-webm: aa71ff27fc2769a1b78a27578f13a17b -> 
  custom:container-demuxer-webm: 4f35f7cbe854078d1ac9338744f61a02 -> 
  custom:container-demuxer-ogg: 62fdf1f143b41e24485cea50d1cbac27 -> 
  custom:video-encoder-webm-vp8: eb34c28f22e8b96e1ab97ce403110664 -> 
  custom:video-decoder-webm-vp8: 9c59270c3fd7afecdb556c50c9e8de78 -> 
  custom:audio-decoder-ogg-vorbis: bf7c407c2cedff20999df2af8eb42d56 -> 
  custom:audio-encoder-webm-vorbis: bf7c407c2cedff20999df2af8eb42d56 -> 
========================================================================
Received Import Request.
  Time since last request: 40.892766 seconds.
  path: Assets/Prefabs/Myera XR Rig Variant.prefab
  artifactKey: Guid(2411721eac3b95a41b8763ab94ec59d6) Importer(815301076,1909f56bfc062723c751e8b465ee728b)
Start importing Assets/Prefabs/Myera XR Rig Variant.prefab using Guid(2411721eac3b95a41b8763ab94ec59d6) Importer(815301076,1909f56bfc062723c751e8b465ee728b)  -> (artifact id: '8501f124e385ad8eaaeaae2260c16aac') in 0.288453 seconds 
  Import took 0.302635 seconds .

========================================================================
Received Import Request.
  Time since last request: 0.000172 seconds.
  path: Assets/Prefabs/Scene Select.prefab
  artifactKey: Guid(34182374610a91f4e8b9435507aebaaf) Importer(815301076,1909f56bfc062723c751e8b465ee728b)
Start importing Assets/Prefabs/Scene Select.prefab using Guid(34182374610a91f4e8b9435507aebaaf) Importer(815301076,1909f56bfc062723c751e8b465ee728b)  -> (artifact id: '0b72a5d465ff0f3ba70088b1c0b972de') in 0.037107 seconds 
  Import took 0.048191 seconds .

========================================================================
Received Prepare
Registering precompiled user dll's ...
Registered in 0.006184 seconds.
Begin MonoManager ReloadAssembly
Native extension for WindowsStandalone target not found
Native extension for WebGL target not found
Refreshing native plugins compatible for Editor in 1.60 ms, found 2 plugins.
Preloading 0 native plugins for Editor in 0.00 ms.
Mono: successfully reloaded assembly
- Completed reload, in  1.329 seconds
Domain Reload Profiling:
	ReloadAssembly (1330ms)
		BeginReloadAssembly (124ms)
			ExecutionOrderSort (0ms)
			DisableScriptedObjects (6ms)
			BackupInstance (0ms)
			ReleaseScriptingObjects (0ms)
			CreateAndSetChildDomain (55ms)
		EndReloadAssembly (1152ms)
			LoadAssemblies (91ms)
			RebuildTransferFunctionScriptingTraits (0ms)
			SetupTypeCache (357ms)
			ReleaseScriptCaches (2ms)
			RebuildScriptCaches (60ms)
			SetupLoadedEditorAssemblies (447ms)
				LogAssemblyErrors (0ms)
				InitializePlatformSupportModulesInManaged (6ms)
				SetLoadedEditorAssemblies (1ms)
				RefreshPlugins (2ms)
				BeforeProcessingInitializeOnLoad (83ms)
				ProcessInitializeOnLoadAttributes (280ms)
				ProcessInitializeOnLoadMethodAttributes (70ms)
				AfterProcessingInitializeOnLoad (7ms)
				EditorAssembliesLoaded (0ms)
			ExecutionOrderSort2 (0ms)
			AwakeInstancesAfterBackupRestoration (17ms)
Platform modules already initialized, skipping
Refreshing native plugins compatible for Editor in 1.40 ms, found 2 plugins.
Preloading 0 native plugins for Editor in 0.00 ms.
Unloading 6221 Unused Serialized files (Serialized files now loaded: 0)
System memory in use before: 295.5 MB.
System memory in use after: 294.1 MB.

Unloading 35 unused Assets to reduce memory usage. Loaded Objects now: 7165.
Total: 5.956700 ms (FindLiveObjects: 0.618300 ms CreateObjectMapping: 0.288300 ms MarkObjects: 4.169000 ms  DeleteObjects: 0.879900 ms)

AssetImportParameters requested are different than current active one (requested -> active):
  custom:framework-win-MediaFoundation: 216162199b28c13a410421893ffa2e32 -> 
  custom:video-decoder-ogg-theora: a1e56fd34408186e4bbccfd4996cb3dc -> 
  custom:container-muxer-webm: aa71ff27fc2769a1b78a27578f13a17b -> 
  custom:container-demuxer-webm: 4f35f7cbe854078d1ac9338744f61a02 -> 
  custom:container-demuxer-ogg: 62fdf1f143b41e24485cea50d1cbac27 -> 
  custom:video-encoder-webm-vp8: eb34c28f22e8b96e1ab97ce403110664 -> 
  custom:video-decoder-webm-vp8: 9c59270c3fd7afecdb556c50c9e8de78 -> 
  custom:audio-decoder-ogg-vorbis: bf7c407c2cedff20999df2af8eb42d56 -> 
  custom:audio-encoder-webm-vorbis: bf7c407c2cedff20999df2af8eb42d56 -> 
========================================================================
Received Import Request.
  Time since last request: 520.682472 seconds.
  path: Assets/Rocks and Boulders 2/Rocks
  artifactKey: Guid(e2272ccdfc6870f4b962910707e21594) Importer(815301076,1909f56bfc062723c751e8b465ee728b)
Start importing Assets/Rocks and Boulders 2/Rocks using Guid(e2272ccdfc6870f4b962910707e21594) Importer(815301076,1909f56bfc062723c751e8b465ee728b)  -> (artifact id: '3c396160924c233940381df79bc335bb') in 0.024186 seconds 
  Import took 0.036474 seconds .

========================================================================
Received Import Request.
  Time since last request: 0.649939 seconds.
  path: Assets/Rocks and Boulders 2/Rocks/Prefabs
  artifactKey: Guid(8e74734055c3cf64dbbb0f1793dc9764) Importer(815301076,1909f56bfc062723c751e8b465ee728b)
Start importing Assets/Rocks and Boulders 2/Rocks/Prefabs using Guid(8e74734055c3cf64dbbb0f1793dc9764) Importer(815301076,1909f56bfc062723c751e8b465ee728b)  -> (artifact id: 'dfa8f3a9ec857686aed47b74150882ab') in 0.012859 seconds 
  Import took 0.023298 seconds .

========================================================================
Received Import Request.
  Time since last request: 0.028258 seconds.
  path: Assets/Rocks and Boulders 2/Rocks/Prefabs/Rock1_grup1.prefab
  artifactKey: Guid(54a9cf01843431742a3126013891032d) Importer(815301076,1909f56bfc062723c751e8b465ee728b)
Start importing Assets/Rocks and Boulders 2/Rocks/Prefabs/Rock1_grup1.prefab using Guid(54a9cf01843431742a3126013891032d) Importer(815301076,1909f56bfc062723c751e8b465ee728b)  -> (artifact id: '0c1d959964f715ca74f0cd78a0f41467') in 0.226046 seconds 
  Import took 0.238133 seconds .

========================================================================
Received Import Request.
  Time since last request: 0.000183 seconds.
  path: Assets/Rocks and Boulders 2/Rocks/Prefabs/Rock5B.prefab
  artifactKey: Guid(977e7278d3486f1489724a6d226b9ca0) Importer(815301076,1909f56bfc062723c751e8b465ee728b)
Start importing Assets/Rocks and Boulders 2/Rocks/Prefabs/Rock5B.prefab using Guid(977e7278d3486f1489724a6d226b9ca0) Importer(815301076,1909f56bfc062723c751e8b465ee728b)  -> (artifact id: 'c82c3a1657d2f36447c7425e4f614cb7') in 0.034600 seconds 
  Import took 0.046772 seconds .

========================================================================
Received Import Request.
  Time since last request: 0.000179 seconds.
  path: Assets/Rocks and Boulders 2/Rocks/Prefabs/Rock6B.prefab
  artifactKey: Guid(fb5464049dae54247bf24c0e536cd6b4) Importer(815301076,1909f56bfc062723c751e8b465ee728b)
Start importing Assets/Rocks and Boulders 2/Rocks/Prefabs/Rock6B.prefab using Guid(fb5464049dae54247bf24c0e536cd6b4) Importer(815301076,1909f56bfc062723c751e8b465ee728b)  -> (artifact id: 'e35d95f6042ce38c869d84b4779d19e9') in 0.032910 seconds 
  Import took 0.046589 seconds .

========================================================================
Received Import Request.
  Time since last request: 0.000327 seconds.
  path: Assets/Rocks and Boulders 2/Rocks/Prefabs/Rock6A.prefab
  artifactKey: Guid(ad1f5855a33f0694886cbd301d99cc40) Importer(815301076,1909f56bfc062723c751e8b465ee728b)
Start importing Assets/Rocks and Boulders 2/Rocks/Prefabs/Rock6A.prefab using Guid(ad1f5855a33f0694886cbd301d99cc40) Importer(815301076,1909f56bfc062723c751e8b465ee728b)  -> (artifact id: '42d776e247cc283ad8b363cf52c61f66') in 0.033640 seconds 
  Import took 0.046794 seconds .

========================================================================
Received Import Request.
  Time since last request: 0.000200 seconds.
  path: Assets/Rocks and Boulders 2/Rocks/Prefabs/Rock1A.prefab
  artifactKey: Guid(d209be13548e70947bc39053977ce977) Importer(815301076,1909f56bfc062723c751e8b465ee728b)
Start importing Assets/Rocks and Boulders 2/Rocks/Prefabs/Rock1A.prefab using Guid(d209be13548e70947bc39053977ce977) Importer(815301076,1909f56bfc062723c751e8b465ee728b)  -> (artifact id: '0635a6a08bba033f1591c0c9a1200690') in 0.033619 seconds 
  Import took 0.045868 seconds .

========================================================================
Received Import Request.
  Time since last request: 0.000196 seconds.
  path: Assets/Rocks and Boulders 2/Rocks/Prefabs/Rock4A.prefab
  artifactKey: Guid(5f36b57d675b1444cb2203b7a6cac6cb) Importer(815301076,1909f56bfc062723c751e8b465ee728b)
Start importing Assets/Rocks and Boulders 2/Rocks/Prefabs/Rock4A.prefab using Guid(5f36b57d675b1444cb2203b7a6cac6cb) Importer(815301076,1909f56bfc062723c751e8b465ee728b)  -> (artifact id: '271eb8a43d95a1e9bf2d2e3b3be33459') in 0.032549 seconds 
  Import took 0.044296 seconds .

========================================================================
Received Import Request.
  Time since last request: 0.000176 seconds.
  path: Assets/Rocks and Boulders 2/Rocks/Prefabs/Rock1_grup3.prefab
  artifactKey: Guid(f20a15ee7150fd647af421022dde4d44) Importer(815301076,1909f56bfc062723c751e8b465ee728b)
Start importing Assets/Rocks and Boulders 2/Rocks/Prefabs/Rock1_grup3.prefab using Guid(f20a15ee7150fd647af421022dde4d44) Importer(815301076,1909f56bfc062723c751e8b465ee728b)  -> (artifact id: '61c483ee462779f8a5ec9385c4f0f4de') in 0.033477 seconds 
  Import took 0.045916 seconds .

========================================================================
Received Import Request.
  Time since last request: 0.000207 seconds.
  path: Assets/Rocks and Boulders 2/Rocks/Prefabs/Rock1D.prefab
  artifactKey: Guid(5d4cffe5f1249a046b3bc42bbd99dc47) Importer(815301076,1909f56bfc062723c751e8b465ee728b)
Start importing Assets/Rocks and Boulders 2/Rocks/Prefabs/Rock1D.prefab using Guid(5d4cffe5f1249a046b3bc42bbd99dc47) Importer(815301076,1909f56bfc062723c751e8b465ee728b)  -> (artifact id: '4b9644ea5c4111d867542a8dffe68e76') in 0.033598 seconds 
  Import took 0.045996 seconds .

========================================================================
Received Import Request.
  Time since last request: 0.000215 seconds.
  path: Assets/Rocks and Boulders 2/Rocks/Prefabs/Rock1LOD_grup5.prefab
  artifactKey: Guid(0c076a1a077b8b04aaa5c16a2af6d4fe) Importer(815301076,1909f56bfc062723c751e8b465ee728b)
Start importing Assets/Rocks and Boulders 2/Rocks/Prefabs/Rock1LOD_grup5.prefab using Guid(0c076a1a077b8b04aaa5c16a2af6d4fe) Importer(815301076,1909f56bfc062723c751e8b465ee728b)  -> (artifact id: '2d3affff519f29c5c32d1b59ebd810cd') in 0.033867 seconds 
  Import took 0.046850 seconds .

========================================================================
Received Import Request.
  Time since last request: 0.000193 seconds.
  path: Assets/Rocks and Boulders 2/Rocks/Prefabs/Rock1_grup5.prefab
  artifactKey: Guid(f696a81957e80df439600b80ea8667ec) Importer(815301076,1909f56bfc062723c751e8b465ee728b)
Start importing Assets/Rocks and Boulders 2/Rocks/Prefabs/Rock1_grup5.prefab using Guid(f696a81957e80df439600b80ea8667ec) Importer(815301076,1909f56bfc062723c751e8b465ee728b)  -> (artifact id: '89cc019338bdb72baea3de1ba26d1f2e') in 0.032999 seconds 
  Import took 0.045785 seconds .

========================================================================
Received Import Request.
  Time since last request: 0.000212 seconds.
  path: Assets/Rocks and Boulders 2/Rocks/Prefabs/Rock5A.prefab
  artifactKey: Guid(27bfdb9a40efac94b969eaf77cea92d9) Importer(815301076,1909f56bfc062723c751e8b465ee728b)
Start importing Assets/Rocks and Boulders 2/Rocks/Prefabs/Rock5A.prefab using Guid(27bfdb9a40efac94b969eaf77cea92d9) Importer(815301076,1909f56bfc062723c751e8b465ee728b)  -> (artifact id: 'd3e44181c9a6be4adbf9d9e4a8a984e6') in 0.032326 seconds 
  Import took 0.045068 seconds .

========================================================================
Received Import Request.
  Time since last request: 0.000198 seconds.
  path: Assets/Rocks and Boulders 2/Rocks/Prefabs/Rock1_grup2.prefab
  artifactKey: Guid(272f6ea372a7343499b5aa612014761f) Importer(815301076,1909f56bfc062723c751e8b465ee728b)
Start importing Assets/Rocks and Boulders 2/Rocks/Prefabs/Rock1_grup2.prefab using Guid(272f6ea372a7343499b5aa612014761f) Importer(815301076,1909f56bfc062723c751e8b465ee728b)  -> (artifact id: 'a3ad9ba03de01653b7b92da3c904c319') in 0.034235 seconds 
  Import took 0.048649 seconds .

========================================================================
Received Import Request.
  Time since last request: 0.000232 seconds.
  path: Assets/Rocks and Boulders 2/Rocks/Prefabs/Rock1LOD_grup3.prefab
  artifactKey: Guid(059c81de61f2d4e4cbe522492d0181da) Importer(815301076,1909f56bfc062723c751e8b465ee728b)
Start importing Assets/Rocks and Boulders 2/Rocks/Prefabs/Rock1LOD_grup3.prefab using Guid(059c81de61f2d4e4cbe522492d0181da) Importer(815301076,1909f56bfc062723c751e8b465ee728b)  -> (artifact id: '14c7b0509a74715b4193c588c1a839d6') in 0.039533 seconds 
  Import took 0.052517 seconds .

========================================================================
Received Import Request.
  Time since last request: 0.000180 seconds.
  path: Assets/Rocks and Boulders 2/Rocks/Prefabs/Rock1LOD_grup1.prefab
  artifactKey: Guid(76075d4f24491b84eb0b4ac914362e3f) Importer(815301076,1909f56bfc062723c751e8b465ee728b)
Start importing Assets/Rocks and Boulders 2/Rocks/Prefabs/Rock1LOD_grup1.prefab using Guid(76075d4f24491b84eb0b4ac914362e3f) Importer(815301076,1909f56bfc062723c751e8b465ee728b)  -> (artifact id: '406979aa4a69e0854e6d19b2d91e3fdd') in 0.036745 seconds 
  Import took 0.049542 seconds .

========================================================================
Received Import Request.
  Time since last request: 0.000208 seconds.
  path: Assets/Rocks and Boulders 2/Rocks/Prefabs/Rock4B.prefab
  artifactKey: Guid(55f94b3dfaaba26458dbf470efc8cfa4) Importer(815301076,1909f56bfc062723c751e8b465ee728b)
Start importing Assets/Rocks and Boulders 2/Rocks/Prefabs/Rock4B.prefab using Guid(55f94b3dfaaba26458dbf470efc8cfa4) Importer(815301076,1909f56bfc062723c751e8b465ee728b)  -> (artifact id: '800d9a576b5692eb9045219a5c6b0aa3') in 0.036552 seconds 
  Import took 0.050875 seconds .

========================================================================
Received Import Request.
  Time since last request: 0.000196 seconds.
  path: Assets/Rocks and Boulders 2/Rocks/Prefabs/Rock1C.prefab
  artifactKey: Guid(1679506d96acb1447aa6870479416bf8) Importer(815301076,1909f56bfc062723c751e8b465ee728b)
Start importing Assets/Rocks and Boulders 2/Rocks/Prefabs/Rock1C.prefab using Guid(1679506d96acb1447aa6870479416bf8) Importer(815301076,1909f56bfc062723c751e8b465ee728b)  -> (artifact id: '66d790e6d160c5873510ec7a9673f191') in 0.034299 seconds 
  Import took 0.046254 seconds .

========================================================================
Received Import Request.
  Time since last request: 0.000184 seconds.
  path: Assets/Rocks and Boulders 2/Rocks/Prefabs/Rock6C.prefab
  artifactKey: Guid(d9c3d22cdfbbcfd4f8d8019ff97a0f2e) Importer(815301076,1909f56bfc062723c751e8b465ee728b)
Start importing Assets/Rocks and Boulders 2/Rocks/Prefabs/Rock6C.prefab using Guid(d9c3d22cdfbbcfd4f8d8019ff97a0f2e) Importer(815301076,1909f56bfc062723c751e8b465ee728b)  -> (artifact id: 'bf4bdbea2b56ea885daea26dcd0f6c0c') in 0.032690 seconds 
  Import took 0.046098 seconds .

========================================================================
Received Import Request.
  Time since last request: 0.000886 seconds.
  path: Assets/Rocks and Boulders 2/Rocks/Prefabs/Rock1LOD_grup4.prefab
  artifactKey: Guid(1ee76940f560f654fbbe86776c26942b) Importer(815301076,1909f56bfc062723c751e8b465ee728b)
Start importing Assets/Rocks and Boulders 2/Rocks/Prefabs/Rock1LOD_grup4.prefab using Guid(1ee76940f560f654fbbe86776c26942b) Importer(815301076,1909f56bfc062723c751e8b465ee728b)  -> (artifact id: 'f454b5161ec9e0a435d46f4a363644fe') in 0.035502 seconds 
  Import took 0.048213 seconds .

========================================================================
Received Import Request.
  Time since last request: 0.000267 seconds.
  path: Assets/Rocks and Boulders 2/Rocks/Prefabs/Rock3.prefab
  artifactKey: Guid(f282d9fb9b399dd4384b20aba08642fb) Importer(815301076,1909f56bfc062723c751e8b465ee728b)
Start importing Assets/Rocks and Boulders 2/Rocks/Prefabs/Rock3.prefab using Guid(f282d9fb9b399dd4384b20aba08642fb) Importer(815301076,1909f56bfc062723c751e8b465ee728b)  -> (artifact id: 'b6db4e3e0b88370dd28a2c6458e4cbc3') in 0.034722 seconds 
  Import took 0.047198 seconds .

========================================================================
Received Import Request.
  Time since last request: 0.000175 seconds.
  path: Assets/Rocks and Boulders 2/Rocks/Prefabs/Rock1E.prefab
  artifactKey: Guid(d2db22038a6f9804598cd46453cc7cb8) Importer(815301076,1909f56bfc062723c751e8b465ee728b)
Start importing Assets/Rocks and Boulders 2/Rocks/Prefabs/Rock1E.prefab using Guid(d2db22038a6f9804598cd46453cc7cb8) Importer(815301076,1909f56bfc062723c751e8b465ee728b)  -> (artifact id: 'c0b2869b3ebf9201537c075120bcb65e') in 0.032980 seconds 
  Import took 0.045025 seconds .

========================================================================
Received Import Request.
  Time since last request: 0.000279 seconds.
  path: Assets/Rocks and Boulders 2/Rocks/Prefabs/Rock1B.prefab
  artifactKey: Guid(0f1e1518a80e562458930d8b2d0670d9) Importer(815301076,1909f56bfc062723c751e8b465ee728b)
Start importing Assets/Rocks and Boulders 2/Rocks/Prefabs/Rock1B.prefab using Guid(0f1e1518a80e562458930d8b2d0670d9) Importer(815301076,1909f56bfc062723c751e8b465ee728b)  -> (artifact id: 'e9f6d516016aa5945e769dacc1cd52cb') in 0.032216 seconds 
  Import took 0.044346 seconds .

========================================================================
Received Import Request.
  Time since last request: 0.000183 seconds.
  path: Assets/Rocks and Boulders 2/Rocks/Prefabs/Rock1LOD_grup2.prefab
  artifactKey: Guid(dceeca3e930a413458913fd2f889e527) Importer(815301076,1909f56bfc062723c751e8b465ee728b)
Start importing Assets/Rocks and Boulders 2/Rocks/Prefabs/Rock1LOD_grup2.prefab using Guid(dceeca3e930a413458913fd2f889e527) Importer(815301076,1909f56bfc062723c751e8b465ee728b)  -> (artifact id: 'c66ba8c13877ef906c21a0c2078e2664') in 0.035741 seconds 
  Import took 0.048035 seconds .

========================================================================
Received Import Request.
  Time since last request: 0.000225 seconds.
  path: Assets/Rocks and Boulders 2/Rocks/Prefabs/Rock1_grup4.prefab
  artifactKey: Guid(6b9fd6eae9eb0d546ae14cdaee6d1156) Importer(815301076,1909f56bfc062723c751e8b465ee728b)
Start importing Assets/Rocks and Boulders 2/Rocks/Prefabs/Rock1_grup4.prefab using Guid(6b9fd6eae9eb0d546ae14cdaee6d1156) Importer(815301076,1909f56bfc062723c751e8b465ee728b)  -> (artifact id: 'b2a0fa5c7d4b5cccb11cbe6f5f9ee0f3') in 0.033672 seconds 
  Import took 0.046668 seconds .

========================================================================
Received Import Request.
  Time since last request: 0.000192 seconds.
  path: Assets/Rocks and Boulders 2/Rocks/Prefabs/Rock2.prefab
  artifactKey: Guid(940d55d4117386f4f9398ea3ff52d4cd) Importer(815301076,1909f56bfc062723c751e8b465ee728b)
Start importing Assets/Rocks and Boulders 2/Rocks/Prefabs/Rock2.prefab using Guid(940d55d4117386f4f9398ea3ff52d4cd) Importer(815301076,1909f56bfc062723c751e8b465ee728b)  -> (artifact id: 'f406d7dfd6163bf6bea10756233eaeb5') in 0.034651 seconds 
  Import took 0.047154 seconds .

========================================================================
Received Import Request.
  Time since last request: 79.033414 seconds.
  path: Assets/Rocks and Boulders 2/Rocks/Source
  artifactKey: Guid(603243e9341260040ac33bef7eb69850) Importer(815301076,1909f56bfc062723c751e8b465ee728b)
Start importing Assets/Rocks and Boulders 2/Rocks/Source using Guid(603243e9341260040ac33bef7eb69850) Importer(815301076,1909f56bfc062723c751e8b465ee728b)  -> (artifact id: '520f9fad2fb7380c63d79745bf37e7f4') in 0.013336 seconds 
  Import took 0.023946 seconds .

========================================================================
Received Import Request.
  Time since last request: 1.770147 seconds.
  path: Assets/Rocks and Boulders 2/Rocks/Source/Materials
  artifactKey: Guid(2ee35025e335d0d42853131034756792) Importer(815301076,1909f56bfc062723c751e8b465ee728b)
Start importing Assets/Rocks and Boulders 2/Rocks/Source/Materials using Guid(2ee35025e335d0d42853131034756792) Importer(815301076,1909f56bfc062723c751e8b465ee728b)  -> (artifact id: '271226560a9324d22b93705906677946') in 0.012750 seconds 
  Import took 0.023716 seconds .

========================================================================
Received Import Request.
  Time since last request: 0.624208 seconds.
  path: Assets/Rocks and Boulders 2/Rocks/Source/Materials/Legacy
  artifactKey: Guid(865d0648f7c924441b02f94dba2541d3) Importer(815301076,1909f56bfc062723c751e8b465ee728b)
Start importing Assets/Rocks and Boulders 2/Rocks/Source/Materials/Legacy using Guid(865d0648f7c924441b02f94dba2541d3) Importer(815301076,1909f56bfc062723c751e8b465ee728b)  -> (artifact id: '4790e8aaaef2b092ec3a93a42bf62463') in 0.013250 seconds 
  Import took 0.024564 seconds .

========================================================================
Received Import Request.
  Time since last request: 0.035596 seconds.
  path: Assets/Rocks and Boulders 2/Rocks/Source/Materials/Legacy/fix.mat
  artifactKey: Guid(8e9c01e643b6c2e47a47e055d68b5f1b) Importer(815301076,1909f56bfc062723c751e8b465ee728b)
Start importing Assets/Rocks and Boulders 2/Rocks/Source/Materials/Legacy/fix.mat using Guid(8e9c01e643b6c2e47a47e055d68b5f1b) Importer(815301076,1909f56bfc062723c751e8b465ee728b)  -> (artifact id: 'ce3dbb6eb89c4d627aebf8d10b8f71f3') in 0.035368 seconds 
  Import took 0.046191 seconds .

========================================================================
Received Import Request.
  Time since last request: 0.000199 seconds.
  path: Assets/Rocks and Boulders 2/Rocks/Source/Materials/Legacy/Rock2_snow.mat
  artifactKey: Guid(37231b28393bb2545a6fc69025929708) Importer(815301076,1909f56bfc062723c751e8b465ee728b)
Start importing Assets/Rocks and Boulders 2/Rocks/Source/Materials/Legacy/Rock2_snow.mat using Guid(37231b28393bb2545a6fc69025929708) Importer(815301076,1909f56bfc062723c751e8b465ee728b)  -> (artifact id: '5212ce74b335f5b9da10d8a25cd2e895') in 0.027722 seconds 
  Import took 0.039043 seconds .

========================================================================
Received Import Request.
  Time since last request: 0.000211 seconds.
  path: Assets/Rocks and Boulders 2/Rocks/Source/Materials/Legacy/Rock5.mat
  artifactKey: Guid(3e29725df726b3b43942802262aa27e9) Importer(815301076,1909f56bfc062723c751e8b465ee728b)
Start importing Assets/Rocks and Boulders 2/Rocks/Source/Materials/Legacy/Rock5.mat using Guid(3e29725df726b3b43942802262aa27e9) Importer(815301076,1909f56bfc062723c751e8b465ee728b)  -> (artifact id: '017777e70af776f6b8698150dd410e34') in 0.028380 seconds 
  Import took 0.039268 seconds .

========================================================================
Received Import Request.
  Time since last request: 0.000192 seconds.
  path: Assets/Rocks and Boulders 2/Rocks/Source/Materials/Legacy/Rock5_snow.mat
  artifactKey: Guid(c1cdec19e62ac22498f5f816062b3035) Importer(815301076,1909f56bfc062723c751e8b465ee728b)
Start importing Assets/Rocks and Boulders 2/Rocks/Source/Materials/Legacy/Rock5_snow.mat using Guid(c1cdec19e62ac22498f5f816062b3035) Importer(815301076,1909f56bfc062723c751e8b465ee728b)  -> (artifact id: '9c2a574e8816d7443799eb5c8e32cddc') in 0.027807 seconds 
  Import took 0.039024 seconds .

========================================================================
Received Import Request.
  Time since last request: 0.000188 seconds.
  path: Assets/Rocks and Boulders 2/Rocks/Source/Materials/Legacy/Rock4.mat
  artifactKey: Guid(6591bc99db1bb8b4e981332c696fffbe) Importer(815301076,1909f56bfc062723c751e8b465ee728b)
Start importing Assets/Rocks and Boulders 2/Rocks/Source/Materials/Legacy/Rock4.mat using Guid(6591bc99db1bb8b4e981332c696fffbe) Importer(815301076,1909f56bfc062723c751e8b465ee728b)  -> (artifact id: '4a5f4313e72b3808e4e67dc2338f703a') in 0.027465 seconds 
  Import took 0.038770 seconds .

========================================================================
Received Import Request.
  Time since last request: 0.000176 seconds.
  path: Assets/Rocks and Boulders 2/Rocks/Source/Materials/Legacy/Rock3.mat
  artifactKey: Guid(2ca607700b4ada64baca4113cf377ad2) Importer(815301076,1909f56bfc062723c751e8b465ee728b)
Start importing Assets/Rocks and Boulders 2/Rocks/Source/Materials/Legacy/Rock3.mat using Guid(2ca607700b4ada64baca4113cf377ad2) Importer(815301076,1909f56bfc062723c751e8b465ee728b)  -> (artifact id: 'f13a07e5b3f229de4b51cab9a412c16f') in 0.018516 seconds 
  Import took 0.030051 seconds .

========================================================================
Received Import Request.
  Time since last request: 0.000187 seconds.
  path: Assets/Rocks and Boulders 2/Rocks/Source/Materials/Legacy/Rock1_snow.mat
  artifactKey: Guid(6c761102f2fe9c341bb4e17f06e858b9) Importer(815301076,1909f56bfc062723c751e8b465ee728b)
Start importing Assets/Rocks and Boulders 2/Rocks/Source/Materials/Legacy/Rock1_snow.mat using Guid(6c761102f2fe9c341bb4e17f06e858b9) Importer(815301076,1909f56bfc062723c751e8b465ee728b)  -> (artifact id: 'cabd6a810d5f8a745b14182844336838') in 0.030343 seconds 
  Import took 0.043215 seconds .

========================================================================
Received Import Request.
  Time since last request: 0.000178 seconds.
  path: Assets/Rocks and Boulders 2/Rocks/Source/Materials/Legacy/normalfix.mat
  artifactKey: Guid(169c9e2106ccfe7439978c6e38b3c863) Importer(815301076,1909f56bfc062723c751e8b465ee728b)
Start importing Assets/Rocks and Boulders 2/Rocks/Source/Materials/Legacy/normalfix.mat using Guid(169c9e2106ccfe7439978c6e38b3c863) Importer(815301076,1909f56bfc062723c751e8b465ee728b)  -> (artifact id: '14a7b333b332d6b11081f8097d6c7b4f') in 0.029506 seconds 
  Import took 0.041537 seconds .

========================================================================
Received Import Request.
  Time since last request: 0.000191 seconds.
  path: Assets/Rocks and Boulders 2/Rocks/Source/Materials/Legacy/Rock6.mat
  artifactKey: Guid(4f1ccb3d66ed48a498f17e157f74ee8a) Importer(815301076,1909f56bfc062723c751e8b465ee728b)
Start importing Assets/Rocks and Boulders 2/Rocks/Source/Materials/Legacy/Rock6.mat using Guid(4f1ccb3d66ed48a498f17e157f74ee8a) Importer(815301076,1909f56bfc062723c751e8b465ee728b)  -> (artifact id: 'bf6744261b8e14e5a079add298b5921e') in 0.029913 seconds 
  Import took 0.041500 seconds .

========================================================================
Received Import Request.
  Time since last request: 0.000191 seconds.
  path: Assets/Rocks and Boulders 2/Rocks/Source/Materials/Legacy/Rock1.mat
  artifactKey: Guid(358f6ff6f6135b24ebfc22d9612f2000) Importer(815301076,1909f56bfc062723c751e8b465ee728b)
Start importing Assets/Rocks and Boulders 2/Rocks/Source/Materials/Legacy/Rock1.mat using Guid(358f6ff6f6135b24ebfc22d9612f2000) Importer(815301076,1909f56bfc062723c751e8b465ee728b)  -> (artifact id: '9232cf0283476d283dd9c834314bb8fc') in 0.038007 seconds 
  Import took 0.051672 seconds .

========================================================================
Received Import Request.
  Time since last request: 0.000241 seconds.
  path: Assets/Rocks and Boulders 2/Rocks/Source/Materials/Legacy/Rock2.mat
  artifactKey: Guid(456f16122b86f5545a10f16fe6d9a121) Importer(815301076,1909f56bfc062723c751e8b465ee728b)
Start importing Assets/Rocks and Boulders 2/Rocks/Source/Materials/Legacy/Rock2.mat using Guid(456f16122b86f5545a10f16fe6d9a121) Importer(815301076,1909f56bfc062723c751e8b465ee728b)  -> (artifact id: '33ee2f6b0dda23d61676033ad756b5fe') in 0.027436 seconds 
  Import took 0.042449 seconds .

========================================================================
Received Import Request.
  Time since last request: 0.000354 seconds.
  path: Assets/Rocks and Boulders 2/Rocks/Source/Materials/Legacy/Rock3_snow.mat
  artifactKey: Guid(6c4e69dbe7cb8f343b1f880b81f5e330) Importer(815301076,1909f56bfc062723c751e8b465ee728b)
Start importing Assets/Rocks and Boulders 2/Rocks/Source/Materials/Legacy/Rock3_snow.mat using Guid(6c4e69dbe7cb8f343b1f880b81f5e330) Importer(815301076,1909f56bfc062723c751e8b465ee728b)  -> (artifact id: '4055763d44cb4a9ea4c758d5881529ea') in 0.029295 seconds 
  Import took 0.041683 seconds .

========================================================================
Received Import Request.
  Time since last request: 0.000177 seconds.
  path: Assets/Rocks and Boulders 2/Rocks/Source/Materials/Legacy/Rock4_snow.mat
  artifactKey: Guid(aa26ccc3e8258414d82817dde5859b98) Importer(815301076,1909f56bfc062723c751e8b465ee728b)
Start importing Assets/Rocks and Boulders 2/Rocks/Source/Materials/Legacy/Rock4_snow.mat using Guid(aa26ccc3e8258414d82817dde5859b98) Importer(815301076,1909f56bfc062723c751e8b465ee728b)  -> (artifact id: '0a999ad820cf46313575e6edb24a1190') in 0.030737 seconds 
  Import took 0.042427 seconds .

========================================================================
Received Import Request.
  Time since last request: 0.000189 seconds.
  path: Assets/Rocks and Boulders 2/Rocks/Source/Materials/Legacy/Rock6_snow.mat
  artifactKey: Guid(cb88bcaad24cda547820150c8c44d9db) Importer(815301076,1909f56bfc062723c751e8b465ee728b)
Start importing Assets/Rocks and Boulders 2/Rocks/Source/Materials/Legacy/Rock6_snow.mat using Guid(cb88bcaad24cda547820150c8c44d9db) Importer(815301076,1909f56bfc062723c751e8b465ee728b)  -> (artifact id: '4b37cd7f529c18afbb1b453ab6a18be7') in 0.028463 seconds 
  Import took 0.039434 seconds .

========================================================================
Received Import Request.
  Time since last request: 1.883306 seconds.
  path: Assets/Rocks and Boulders 2/Rocks/Source/Materials/Unity 5
  artifactKey: Guid(e0866c85cd5523246bdbf19158233df6) Importer(815301076,1909f56bfc062723c751e8b465ee728b)
Start importing Assets/Rocks and Boulders 2/Rocks/Source/Materials/Unity 5 using Guid(e0866c85cd5523246bdbf19158233df6) Importer(815301076,1909f56bfc062723c751e8b465ee728b)  -> (artifact id: 'b2a701ca745786b7e8475b77768898c3') in 0.012565 seconds 
  Import took 0.022926 seconds .

========================================================================
Received Import Request.
  Time since last request: 0.036150 seconds.
  path: Assets/Rocks and Boulders 2/Rocks/Source/Materials/Unity 5/Rock1_snow.mat
  artifactKey: Guid(01608c72af8878540af104e9e85c948a) Importer(815301076,1909f56bfc062723c751e8b465ee728b)
Start importing Assets/Rocks and Boulders 2/Rocks/Source/Materials/Unity 5/Rock1_snow.mat using Guid(01608c72af8878540af104e9e85c948a) Importer(815301076,1909f56bfc062723c751e8b465ee728b)  -> (artifact id: 'e602da2d8033629f92c142552766a751') in 0.019136 seconds 
  Import took 0.029652 seconds .

========================================================================
Received Import Request.
  Time since last request: 0.000155 seconds.
  path: Assets/Rocks and Boulders 2/Rocks/Source/Materials/Unity 5/Rock6.mat
  artifactKey: Guid(a757083ce9ed07240a5511e1c9d6e846) Importer(815301076,1909f56bfc062723c751e8b465ee728b)
Start importing Assets/Rocks and Boulders 2/Rocks/Source/Materials/Unity 5/Rock6.mat using Guid(a757083ce9ed07240a5511e1c9d6e846) Importer(815301076,1909f56bfc062723c751e8b465ee728b)  -> (artifact id: '757d54a6301603a61a9bb7fe47595a47') in 0.020549 seconds 
  Import took 0.029590 seconds .

========================================================================
Received Import Request.
  Time since last request: 0.000156 seconds.
  path: Assets/Rocks and Boulders 2/Rocks/Source/Materials/Unity 5/Rock2.mat
  artifactKey: Guid(520e490b117f8cc4bbfd41ec92292838) Importer(815301076,1909f56bfc062723c751e8b465ee728b)
Start importing Assets/Rocks and Boulders 2/Rocks/Source/Materials/Unity 5/Rock2.mat using Guid(520e490b117f8cc4bbfd41ec92292838) Importer(815301076,1909f56bfc062723c751e8b465ee728b)  -> (artifact id: 'e773978e4e1fa92ca379d65214d2d0c9') in 0.019292 seconds 
  Import took 0.028637 seconds .

========================================================================
Received Import Request.
  Time since last request: 0.000163 seconds.
  path: Assets/Rocks and Boulders 2/Rocks/Source/Materials/Unity 5/Rock5_snow.mat
  artifactKey: Guid(dd2bef3ed7cae834ba9189533d31bd5f) Importer(815301076,1909f56bfc062723c751e8b465ee728b)
Start importing Assets/Rocks and Boulders 2/Rocks/Source/Materials/Unity 5/Rock5_snow.mat using Guid(dd2bef3ed7cae834ba9189533d31bd5f) Importer(815301076,1909f56bfc062723c751e8b465ee728b)  -> (artifact id: '0c785a32dbf57d162e72d9fbc7f3d751') in 0.030100 seconds 
  Import took 0.039265 seconds .

========================================================================
Received Import Request.
  Time since last request: 0.000172 seconds.
  path: Assets/Rocks and Boulders 2/Rocks/Source/Materials/Unity 5/Rock3_snow.mat
  artifactKey: Guid(04072163270291c4d8d5dc50182cc16e) Importer(815301076,1909f56bfc062723c751e8b465ee728b)
Start importing Assets/Rocks and Boulders 2/Rocks/Source/Materials/Unity 5/Rock3_snow.mat using Guid(04072163270291c4d8d5dc50182cc16e) Importer(815301076,1909f56bfc062723c751e8b465ee728b)  -> (artifact id: 'fa2c7d197f59b40b041381b06602fa04') in 0.019425 seconds 
  Import took 0.028507 seconds .

========================================================================
Received Import Request.
  Time since last request: 0.000161 seconds.
  path: Assets/Rocks and Boulders 2/Rocks/Source/Materials/Unity 5/Rock2_snow.mat
  artifactKey: Guid(0e9ca33faccb7b7498236b1553d5237e) Importer(815301076,1909f56bfc062723c751e8b465ee728b)
Start importing Assets/Rocks and Boulders 2/Rocks/Source/Materials/Unity 5/Rock2_snow.mat using Guid(0e9ca33faccb7b7498236b1553d5237e) Importer(815301076,1909f56bfc062723c751e8b465ee728b)  -> (artifact id: '07d07f91f665a02d016619de9a66c461') in 0.018773 seconds 
  Import took 0.027768 seconds .

========================================================================
Received Import Request.
  Time since last request: 0.000166 seconds.
  path: Assets/Rocks and Boulders 2/Rocks/Source/Materials/Unity 5/Rock4.mat
  artifactKey: Guid(4f55ff57442728d46a34aa4aea8cb82c) Importer(815301076,1909f56bfc062723c751e8b465ee728b)
Start importing Assets/Rocks and Boulders 2/Rocks/Source/Materials/Unity 5/Rock4.mat using Guid(4f55ff57442728d46a34aa4aea8cb82c) Importer(815301076,1909f56bfc062723c751e8b465ee728b)  -> (artifact id: 'b1d88fee09b84bc56fc468384ff8602c') in 0.018233 seconds 
  Import took 0.027938 seconds .

========================================================================
Received Import Request.
  Time since last request: 0.000158 seconds.
  path: Assets/Rocks and Boulders 2/Rocks/Source/Materials/Unity 5/Rock6_snow.mat
  artifactKey: Guid(d7f08df74b9540f40989007092cee066) Importer(815301076,1909f56bfc062723c751e8b465ee728b)
Start importing Assets/Rocks and Boulders 2/Rocks/Source/Materials/Unity 5/Rock6_snow.mat using Guid(d7f08df74b9540f40989007092cee066) Importer(815301076,1909f56bfc062723c751e8b465ee728b)  -> (artifact id: '2621b5ee767c52bdc9a2bccd72a41f8a') in 0.018969 seconds 
  Import took 0.028381 seconds .

========================================================================
Received Import Request.
  Time since last request: 0.000155 seconds.
  path: Assets/Rocks and Boulders 2/Rocks/Source/Materials/Unity 5/Rock3.mat
  artifactKey: Guid(4ec38644468fc2b47b9a0a6515c38542) Importer(815301076,1909f56bfc062723c751e8b465ee728b)
Start importing Assets/Rocks and Boulders 2/Rocks/Source/Materials/Unity 5/Rock3.mat using Guid(4ec38644468fc2b47b9a0a6515c38542) Importer(815301076,1909f56bfc062723c751e8b465ee728b)  -> (artifact id: 'c92809f7c0fc696a4e54884a8449377a') in 0.022045 seconds 
  Import took 0.031576 seconds .

========================================================================
Received Import Request.
  Time since last request: 0.000192 seconds.
  path: Assets/Rocks and Boulders 2/Rocks/Source/Materials/Unity 5/Rock4_snow.mat
  artifactKey: Guid(30af34461be7726449e2774a5285f6d9) Importer(815301076,1909f56bfc062723c751e8b465ee728b)
Start importing Assets/Rocks and Boulders 2/Rocks/Source/Materials/Unity 5/Rock4_snow.mat using Guid(30af34461be7726449e2774a5285f6d9) Importer(815301076,1909f56bfc062723c751e8b465ee728b)  -> (artifact id: 'dbb4e06b7fd345b45fd38b04cc5b896e') in 0.020958 seconds 
  Import took 0.031476 seconds .

========================================================================
Received Import Request.
  Time since last request: 0.000166 seconds.
  path: Assets/Rocks and Boulders 2/Rocks/Source/Materials/Unity 5/Rock5.mat
  artifactKey: Guid(b5df0d0c5fdf17849add10dec913d0ce) Importer(815301076,1909f56bfc062723c751e8b465ee728b)
Start importing Assets/Rocks and Boulders 2/Rocks/Source/Materials/Unity 5/Rock5.mat using Guid(b5df0d0c5fdf17849add10dec913d0ce) Importer(815301076,1909f56bfc062723c751e8b465ee728b)  -> (artifact id: '82d8d855d622280cac822123a5f13187') in 0.020569 seconds 
  Import took 0.031900 seconds .

========================================================================
Received Import Request.
  Time since last request: 27.169222 seconds.
  path: Assets/Rocks and Boulders 2/Rocks/Source/Models
  artifactKey: Guid(93a38d549583d7e44bd4097713c54b3f) Importer(815301076,1909f56bfc062723c751e8b465ee728b)
Start importing Assets/Rocks and Boulders 2/Rocks/Source/Models using Guid(93a38d549583d7e44bd4097713c54b3f) Importer(815301076,1909f56bfc062723c751e8b465ee728b)  -> (artifact id: 'f221dec451f0586ec7e8a7973343d805') in 0.012910 seconds 
  Import took 0.023579 seconds .

========================================================================
Received Import Request.
  Time since last request: 0.020007 seconds.
  path: Assets/Rocks and Boulders 2/Rocks/Source/Models/box.fbx
  artifactKey: Guid(d5085b45bd6efa148b42ea3dc7ba9a0e) Importer(815301076,1909f56bfc062723c751e8b465ee728b)
Start importing Assets/Rocks and Boulders 2/Rocks/Source/Models/box.fbx using Guid(d5085b45bd6efa148b42ea3dc7ba9a0e) Importer(815301076,1909f56bfc062723c751e8b465ee728b)  -> (artifact id: 'eda5b7a49d9d82b9f9c6223a3b1cc10d') in 0.040438 seconds 
  Import took 0.051008 seconds .

========================================================================
Received Import Request.
  Time since last request: 0.000173 seconds.
  path: Assets/Rocks and Boulders 2/Rocks/Source/Models/Rock4B.fbx
  artifactKey: Guid(553d9789b73b4f44b8326e2e6918d951) Importer(815301076,1909f56bfc062723c751e8b465ee728b)
Start importing Assets/Rocks and Boulders 2/Rocks/Source/Models/Rock4B.fbx using Guid(553d9789b73b4f44b8326e2e6918d951) Importer(815301076,1909f56bfc062723c751e8b465ee728b)  -> (artifact id: '582b08d7050965942d2be1b11e40b4ab') in 0.027159 seconds 
  Import took 0.037263 seconds .

========================================================================
Received Import Request.
  Time since last request: 0.000188 seconds.
  path: Assets/Rocks and Boulders 2/Rocks/Source/Models/Rock1D.fbx
  artifactKey: Guid(983886d38a2dfa14fa5778c136ecbb9f) Importer(815301076,1909f56bfc062723c751e8b465ee728b)
Start importing Assets/Rocks and Boulders 2/Rocks/Source/Models/Rock1D.fbx using Guid(983886d38a2dfa14fa5778c136ecbb9f) Importer(815301076,1909f56bfc062723c751e8b465ee728b)  -> (artifact id: 'de98a758887e116a1521971cf2d5562d') in 0.028273 seconds 
  Import took 0.038691 seconds .

========================================================================
Received Import Request.
  Time since last request: 0.000189 seconds.
  path: Assets/Rocks and Boulders 2/Rocks/Source/Models/Rock3.fbx
  artifactKey: Guid(19ada405e483e2e42b3568b712163648) Importer(815301076,1909f56bfc062723c751e8b465ee728b)
Start importing Assets/Rocks and Boulders 2/Rocks/Source/Models/Rock3.fbx using Guid(19ada405e483e2e42b3568b712163648) Importer(815301076,1909f56bfc062723c751e8b465ee728b)  -> (artifact id: '02e9ded1961660182c78d0c87975dc39') in 0.025938 seconds 
  Import took 0.035969 seconds .

========================================================================
Received Import Request.
  Time since last request: 0.000228 seconds.
  path: Assets/Rocks and Boulders 2/Rocks/Source/Models/Rock5B.fbx
  artifactKey: Guid(51368a5ba8a38f740baa9f2a132a2321) Importer(815301076,1909f56bfc062723c751e8b465ee728b)
Start importing Assets/Rocks and Boulders 2/Rocks/Source/Models/Rock5B.fbx using Guid(51368a5ba8a38f740baa9f2a132a2321) Importer(815301076,1909f56bfc062723c751e8b465ee728b)  -> (artifact id: '25282cbdadc39d55e3cdb70e4b1c1f28') in 0.025395 seconds 
  Import took 0.036444 seconds .

========================================================================
Received Import Request.
  Time since last request: 0.000191 seconds.
  path: Assets/Rocks and Boulders 2/Rocks/Source/Models/Rock1E.fbx
  artifactKey: Guid(1ef63c9e36fd9ae47867f4bb79c7cbb3) Importer(815301076,1909f56bfc062723c751e8b465ee728b)
Start importing Assets/Rocks and Boulders 2/Rocks/Source/Models/Rock1E.fbx using Guid(1ef63c9e36fd9ae47867f4bb79c7cbb3) Importer(815301076,1909f56bfc062723c751e8b465ee728b)  -> (artifact id: '6dec4d21d38453be24177c6c0ff5bc46') in 0.027357 seconds 
  Import took 0.037597 seconds .

========================================================================
Received Import Request.
  Time since last request: 0.000192 seconds.
  path: Assets/Rocks and Boulders 2/Rocks/Source/Models/Rock2.fbx
  artifactKey: Guid(d11d8096e6b14aa43aa74d862d2d01f7) Importer(815301076,1909f56bfc062723c751e8b465ee728b)
Start importing Assets/Rocks and Boulders 2/Rocks/Source/Models/Rock2.fbx using Guid(d11d8096e6b14aa43aa74d862d2d01f7) Importer(815301076,1909f56bfc062723c751e8b465ee728b)  -> (artifact id: '0bd9a8b4a8f7264e16e293aad9272057') in 0.026004 seconds 
  Import took 0.036115 seconds .

========================================================================
Received Import Request.
  Time since last request: 0.000178 seconds.
  path: Assets/Rocks and Boulders 2/Rocks/Source/Models/Rock5A.fbx
  artifactKey: Guid(1e3f5eee0b7e2a54195a2a32bf7fcf20) Importer(815301076,1909f56bfc062723c751e8b465ee728b)
Start importing Assets/Rocks and Boulders 2/Rocks/Source/Models/Rock5A.fbx using Guid(1e3f5eee0b7e2a54195a2a32bf7fcf20) Importer(815301076,1909f56bfc062723c751e8b465ee728b)  -> (artifact id: 'a07684dc8e782561fc90250dbd32d8a2') in 0.026850 seconds 
  Import took 0.037183 seconds .

========================================================================
Received Import Request.
  Time since last request: 0.000186 seconds.
  path: Assets/Rocks and Boulders 2/Rocks/Source/Models/Rock6C.fbx
  artifactKey: Guid(f086abf98764ee6488fbf0e5af919765) Importer(815301076,1909f56bfc062723c751e8b465ee728b)
Start importing Assets/Rocks and Boulders 2/Rocks/Source/Models/Rock6C.fbx using Guid(f086abf98764ee6488fbf0e5af919765) Importer(815301076,1909f56bfc062723c751e8b465ee728b)  -> (artifact id: '2ba879a3282b7b14c1a2f52b9e2afd72') in 0.030128 seconds 
  Import took 0.040969 seconds .

========================================================================
Received Import Request.
  Time since last request: 0.000231 seconds.
  path: Assets/Rocks and Boulders 2/Rocks/Source/Models/Rock1A.fbx
  artifactKey: Guid(dfb9706df9ac8264ebf1e58976096256) Importer(815301076,1909f56bfc062723c751e8b465ee728b)
Start importing Assets/Rocks and Boulders 2/Rocks/Source/Models/Rock1A.fbx using Guid(dfb9706df9ac8264ebf1e58976096256) Importer(815301076,1909f56bfc062723c751e8b465ee728b)  -> (artifact id: 'd399b87051b3e0fb8573ad61a4099ddd') in 0.026621 seconds 
  Import took 0.037846 seconds .

========================================================================
Received Import Request.
  Time since last request: 0.000194 seconds.
  path: Assets/Rocks and Boulders 2/Rocks/Source/Models/Rock4A.fbx
  artifactKey: Guid(415a1cc574249824c902b084a5dc6096) Importer(815301076,1909f56bfc062723c751e8b465ee728b)
Start importing Assets/Rocks and Boulders 2/Rocks/Source/Models/Rock4A.fbx using Guid(415a1cc574249824c902b084a5dc6096) Importer(815301076,1909f56bfc062723c751e8b465ee728b)  -> (artifact id: 'b51ce5701cb034bbfb68ea50718eeb2f') in 0.032418 seconds 
  Import took 0.046683 seconds .

========================================================================
Received Import Request.
  Time since last request: 0.000491 seconds.
  path: Assets/Rocks and Boulders 2/Rocks/Source/Models/Rock1C.fbx
  artifactKey: Guid(d1edb567dd56f994cbb75a74e047b18a) Importer(815301076,1909f56bfc062723c751e8b465ee728b)
Start importing Assets/Rocks and Boulders 2/Rocks/Source/Models/Rock1C.fbx using Guid(d1edb567dd56f994cbb75a74e047b18a) Importer(815301076,1909f56bfc062723c751e8b465ee728b)  -> (artifact id: '07c3cee8a1aed401ddfa0337acb37d9b') in 0.042931 seconds 
  Import took 0.065040 seconds .

========================================================================
Received Import Request.
  Time since last request: 0.000302 seconds.
  path: Assets/Rocks and Boulders 2/Rocks/Source/Models/Rock1B.fbx
  artifactKey: Guid(976e89866374b704f8eff32373bca69c) Importer(815301076,1909f56bfc062723c751e8b465ee728b)
Start importing Assets/Rocks and Boulders 2/Rocks/Source/Models/Rock1B.fbx using Guid(976e89866374b704f8eff32373bca69c) Importer(815301076,1909f56bfc062723c751e8b465ee728b)  -> (artifact id: '877dc6df18ee298a386e155654a0dada') in 0.030070 seconds 
  Import took 0.043929 seconds .

========================================================================
Received Import Request.
  Time since last request: 0.000188 seconds.
  path: Assets/Rocks and Boulders 2/Rocks/Source/Models/Rock6B.fbx
  artifactKey: Guid(3b6e1a04dd0ff3f408c43f0eb6cb7f70) Importer(815301076,1909f56bfc062723c751e8b465ee728b)
Start importing Assets/Rocks and Boulders 2/Rocks/Source/Models/Rock6B.fbx using Guid(3b6e1a04dd0ff3f408c43f0eb6cb7f70) Importer(815301076,1909f56bfc062723c751e8b465ee728b)  -> (artifact id: '0496cdb02f632e915d76d552dd9e1279') in 0.030402 seconds 
  Import took 0.041947 seconds .

========================================================================
Received Import Request.
  Time since last request: 0.000201 seconds.
  path: Assets/Rocks and Boulders 2/Rocks/Source/Models/Rock6A.fbx
  artifactKey: Guid(cffd35361a9ea044e8715024748615d9) Importer(815301076,1909f56bfc062723c751e8b465ee728b)
Start importing Assets/Rocks and Boulders 2/Rocks/Source/Models/Rock6A.fbx using Guid(cffd35361a9ea044e8715024748615d9) Importer(815301076,1909f56bfc062723c751e8b465ee728b)  -> (artifact id: '079959b15c51b59e71ce154ea14ac3f9') in 0.028690 seconds 
  Import took 0.039508 seconds .

========================================================================
Received Import Request.
  Time since last request: 310.380827 seconds.
  path: Assets/00_ART/Prefabs/PF_N95Mask_1.prefab
  artifactKey: Guid(74588b290cdaa004abcb7eb9c8223fff) Importer(815301076,1909f56bfc062723c751e8b465ee728b)
Start importing Assets/00_ART/Prefabs/PF_N95Mask_1.prefab using Guid(74588b290cdaa004abcb7eb9c8223fff) Importer(815301076,1909f56bfc062723c751e8b465ee728b)  -> (artifact id: 'fc96bb5763c896fc4cae474b7b10b800') in 0.024736 seconds 
  Import took 0.036063 seconds .

========================================================================
Received Import Request.
  Time since last request: 0.000186 seconds.
  path: Assets/00_ART/Prefabs/PF_VisitorBadge_1.prefab
  artifactKey: Guid(75edd1f1865ee014ea2917932b7c6815) Importer(815301076,1909f56bfc062723c751e8b465ee728b)
Start importing Assets/00_ART/Prefabs/PF_VisitorBadge_1.prefab using Guid(75edd1f1865ee014ea2917932b7c6815) Importer(815301076,1909f56bfc062723c751e8b465ee728b)  -> (artifact id: '7c1654429d1750c1188791ab461ce969') in 0.022302 seconds 
  Import took 0.033860 seconds .

========================================================================
Received Import Request.
  Time since last request: 14.788441 seconds.
  path: Assets/Conifers [BOTD]/Shared Sources/Textures/BODT Conifer Trunk [Normal] [AO] [Specular].psd
  artifactKey: Guid(cc724252428df448db5a10316678900b) Importer(815301076,1909f56bfc062723c751e8b465ee728b)
Start importing Assets/Conifers [BOTD]/Shared Sources/Textures/BODT Conifer Trunk [Normal] [AO] [Specular].psd using Guid(cc724252428df448db5a10316678900b) Importer(815301076,1909f56bfc062723c751e8b465ee728b)  -> (artifact id: '12889555ab3b2b0f619ac55c1a3d6f2a') in 0.050381 seconds 
  Import took 0.061603 seconds .

========================================================================
Received Import Request.
  Time since last request: 0.000194 seconds.
  path: Assets/Conifers [BOTD]/Render Pipeline Support/Built-in RP/Sources/Billboards/Conifer Bare_BillboardAsset.asset
  artifactKey: Guid(745760c8ac5934904ab25d5a8942ad44) Importer(815301076,1909f56bfc062723c751e8b465ee728b)
Start importing Assets/Conifers [BOTD]/Render Pipeline Support/Built-in RP/Sources/Billboards/Conifer Bare_BillboardAsset.asset using Guid(745760c8ac5934904ab25d5a8942ad44) Importer(815301076,1909f56bfc062723c751e8b465ee728b)  -> (artifact id: '275f55e8db94504d897daf3c7d1245d9') in 0.320310 seconds 
  Import took 0.332339 seconds .

========================================================================
Received Import Request.
  Time since last request: 0.000247 seconds.
  path: Assets/Conifers [BOTD]/Shared Sources/Textures/BODT Conifer x Stump [Normal] [AO] [Specular].tif
  artifactKey: Guid(7292f645408434cb896aaee2fd9c2a14) Importer(815301076,1909f56bfc062723c751e8b465ee728b)
Start importing Assets/Conifers [BOTD]/Shared Sources/Textures/BODT Conifer x Stump [Normal] [AO] [Specular].tif using Guid(7292f645408434cb896aaee2fd9c2a14) Importer(815301076,1909f56bfc062723c751e8b465ee728b)  -> (artifact id: '05c176391d45e129fc35d0bc30d6cf1a') in 0.045145 seconds 
  Import took 0.057230 seconds .

========================================================================
Received Import Request.
  Time since last request: 0.000251 seconds.
  path: Assets/Conifers [BOTD]/Render Pipeline Support/URP/Sources URP/Billboards URP/Conifer Bare_BillboardAsset URP.asset
  artifactKey: Guid(b2f75a1c74af25f4ba31b7f6b8bc360e) Importer(815301076,1909f56bfc062723c751e8b465ee728b)
Start importing Assets/Conifers [BOTD]/Render Pipeline Support/URP/Sources URP/Billboards URP/Conifer Bare_BillboardAsset URP.asset using Guid(b2f75a1c74af25f4ba31b7f6b8bc360e) Importer(815301076,1909f56bfc062723c751e8b465ee728b)  -> (artifact id: '56c534864944e02522488c5742de0e2a') in 0.035196 seconds 
  Import took 0.047293 seconds .

========================================================================
Received Import Request.
  Time since last request: 0.000194 seconds.
  path: Assets/Conifers [BOTD]/Render Pipeline Support/Built-in RP/Sources/Billboards/Conifer Small_BillboardAsset.asset
  artifactKey: Guid(86bac913b9dd5493b91b9b1c25706db3) Importer(815301076,1909f56bfc062723c751e8b465ee728b)
Start importing Assets/Conifers [BOTD]/Render Pipeline Support/Built-in RP/Sources/Billboards/Conifer Small_BillboardAsset.asset using Guid(86bac913b9dd5493b91b9b1c25706db3) Importer(815301076,1909f56bfc062723c751e8b465ee728b)  -> (artifact id: '26d600e8ea7dd84e5181d768607114ec') in 0.055368 seconds 
  Import took 0.066356 seconds .

========================================================================
Received Import Request.
  Time since last request: 0.000200 seconds.
  path: Assets/Conifers [BOTD]/Render Pipeline Support/Built-in RP/Sources/Billboards/Conifer Medium_BillboardAsset.asset
  artifactKey: Guid(197c8e740f87245c8bead1e852e09081) Importer(815301076,1909f56bfc062723c751e8b465ee728b)
Start importing Assets/Conifers [BOTD]/Render Pipeline Support/Built-in RP/Sources/Billboards/Conifer Medium_BillboardAsset.asset using Guid(197c8e740f87245c8bead1e852e09081) Importer(815301076,1909f56bfc062723c751e8b465ee728b)  -> (artifact id: 'f1a4dd99e210c4643304e8aa51d088a2') in 0.054427 seconds 
  Import took 0.065985 seconds .

========================================================================
Received Import Request.
  Time since last request: 0.000208 seconds.
  path: Assets/Conifers [BOTD]/Render Pipeline Support/URP/Sources URP/Billboards URP/Conifer Medium_BillboardAsset URP.asset
  artifactKey: Guid(c12d8b408305af348b0274486684cca9) Importer(815301076,1909f56bfc062723c751e8b465ee728b)
Start importing Assets/Conifers [BOTD]/Render Pipeline Support/URP/Sources URP/Billboards URP/Conifer Medium_BillboardAsset URP.asset using Guid(c12d8b408305af348b0274486684cca9) Importer(815301076,1909f56bfc062723c751e8b465ee728b)  -> (artifact id: '0508b930d5e3521a1493b713524c1d8b') in 0.037319 seconds 
  Import took 0.049100 seconds .

========================================================================
Received Import Request.
  Time since last request: 0.000203 seconds.
  path: Assets/Conifers [BOTD]/Render Pipeline Support/URP/Sources URP/Billboards URP/Conifer Small_BillboardAsset URP.asset
  artifactKey: Guid(dd67a7f6163fdb245841e72125ae5371) Importer(815301076,1909f56bfc062723c751e8b465ee728b)
Start importing Assets/Conifers [BOTD]/Render Pipeline Support/URP/Sources URP/Billboards URP/Conifer Small_BillboardAsset URP.asset using Guid(dd67a7f6163fdb245841e72125ae5371) Importer(815301076,1909f56bfc062723c751e8b465ee728b)  -> (artifact id: '774853cb28e8e3cd68b30718817ee026') in 0.037671 seconds 
  Import took 0.049224 seconds .

========================================================================
Received Import Request.
  Time since last request: 16.871236 seconds.
  path: Assets/BNG Framework/Materials/Glow.mat
  artifactKey: Guid(398d4f6f7afb145419197ebb32ef6a78) Importer(815301076,1909f56bfc062723c751e8b465ee728b)
Start importing Assets/BNG Framework/Materials/Glow.mat using Guid(398d4f6f7afb145419197ebb32ef6a78) Importer(815301076,1909f56bfc062723c751e8b465ee728b)  -> (artifact id: 'd373884c974ad771d289261e2c94ea6d') in 0.020408 seconds 
  Import took 0.031592 seconds .

========================================================================
Received Import Request.
  Time since last request: 0.000188 seconds.
  path: Assets/BNG Framework/Materials/TeleportLine.mat
  artifactKey: Guid(eca70ad1867acb141a7914818d64faa8) Importer(815301076,1909f56bfc062723c751e8b465ee728b)
Start importing Assets/BNG Framework/Materials/TeleportLine.mat using Guid(eca70ad1867acb141a7914818d64faa8) Importer(815301076,1909f56bfc062723c751e8b465ee728b)  -> (artifact id: 'ef2712d2d6d5e8474c32280ee3e6430e') in 0.028657 seconds 
  Import took 0.040503 seconds .

========================================================================
Received Import Request.
  Time since last request: 0.000193 seconds.
  path: Assets/BNG Framework/Materials/ValidTeleport.mat
  artifactKey: Guid(726f24583f86cbb4c8a6e9034294f887) Importer(815301076,1909f56bfc062723c751e8b465ee728b)
Start importing Assets/BNG Framework/Materials/ValidTeleport.mat using Guid(726f24583f86cbb4c8a6e9034294f887) Importer(815301076,1909f56bfc062723c751e8b465ee728b)  -> (artifact id: '39282ee50dd4331fdcb64ce2d3311a9f') in 0.021701 seconds 
  Import took 0.034008 seconds .

========================================================================
Received Import Request.
  Time since last request: 0.425226 seconds.
  path: Assets/BNG Framework/Input/VRIF Default Input Actions.inputactions
  artifactKey: Guid(e39f4b35a6db18348b41eb0262520e69) Importer(815301076,1909f56bfc062723c751e8b465ee728b)
Start importing Assets/BNG Framework/Input/VRIF Default Input Actions.inputactions using Guid(e39f4b35a6db18348b41eb0262520e69) Importer(815301076,1909f56bfc062723c751e8b465ee728b)  -> (artifact id: '2bce1d75483d6f4d926b89e06885e27e') in 0.026755 seconds 
  Import took 0.038214 seconds .

========================================================================
Received Import Request.
  Time since last request: 0.000185 seconds.
  path: Assets/BNG Framework/Input/VRIF Emulator Actions.inputactions
  artifactKey: Guid(27bafa1c7d8a77b47985ab70c0511986) Importer(815301076,1909f56bfc062723c751e8b465ee728b)
Start importing Assets/BNG Framework/Input/VRIF Emulator Actions.inputactions using Guid(27bafa1c7d8a77b47985ab70c0511986) Importer(815301076,1909f56bfc062723c751e8b465ee728b)  -> (artifact id: '7f8e178f6b6c41a7786cfbbc1eb39331') in 0.016217 seconds 
  Import took 0.027596 seconds .

========================================================================
Received Import Request.
  Time since last request: 24.210321 seconds.
  path: Assets/New Terrain.asset
  artifactKey: Guid(a9c433ca5375fc147b5375ee130ee5ad) Importer(815301076,1909f56bfc062723c751e8b465ee728b)
Start importing Assets/New Terrain.asset using Guid(a9c433ca5375fc147b5375ee130ee5ad) Importer(815301076,1909f56bfc062723c751e8b465ee728b)  -> (artifact id: 'dd80a47613bbea8dd2bf928351f7ff7a') in 0.025760 seconds 
  Import took 0.038075 seconds .

========================================================================
Received Import Request.
  Time since last request: 0.000174 seconds.
  path: Assets/SM_ArcticChar_1.fbx
  artifactKey: Guid(7c2fff17664469041b125485859b3377) Importer(815301076,1909f56bfc062723c751e8b465ee728b)
Start importing Assets/SM_ArcticChar_1.fbx using Guid(7c2fff17664469041b125485859b3377) Importer(815301076,1909f56bfc062723c751e8b465ee728b)  -> (artifact id: '7aea8c6ff3499ae20e45c6c409f5cee2') in 0.045830 seconds 
  Import took 0.057583 seconds .

========================================================================
Received Import Request.
  Time since last request: 64.370278 seconds.
  path: Assets/00_ART/Meshes/Myera_Fish_Farm/Fish/SM_ArcticChar_1.fbx
  artifactKey: Guid(a59d18568aa1f2d45b02ae5e0ae0ace7) Importer(815301076,1909f56bfc062723c751e8b465ee728b)
Start importing Assets/00_ART/Meshes/Myera_Fish_Farm/Fish/SM_ArcticChar_1.fbx using Guid(a59d18568aa1f2d45b02ae5e0ae0ace7) Importer(815301076,1909f56bfc062723c751e8b465ee728b)  -> (artifact id: '436e607474dff63f75c0f959442b3d23') in 0.027554 seconds 
  Import took 0.039840 seconds .

========================================================================
Received Import Request.
  Time since last request: 35.727677 seconds.
  path: Packages/com.unity.inputsystem/InputSystem/Editor/Icons/Axis.png
  artifactKey: Guid(7e853779c8fed4ebf917a0de21c79602) Importer(815301076,1909f56bfc062723c751e8b465ee728b)
Start importing Packages/com.unity.inputsystem/InputSystem/Editor/Icons/Axis.png using Guid(7e853779c8fed4ebf917a0de21c79602) Importer(815301076,1909f56bfc062723c751e8b465ee728b)  -> (artifact id: 'ce7ceba651daef29ef0c606a404d6cad') in 0.031931 seconds 
  Import took 0.044176 seconds .

========================================================================
Received Import Request.
  Time since last request: 0.000182 seconds.
  path: Packages/com.unity.inputsystem/InputSystem/Editor/Icons/Axis@3x.png
  artifactKey: Guid(2e27a82b5cc4e4ef98cbef2d0b324aed) Importer(815301076,1909f56bfc062723c751e8b465ee728b)
Start importing Packages/com.unity.inputsystem/InputSystem/Editor/Icons/Axis@3x.png using Guid(2e27a82b5cc4e4ef98cbef2d0b324aed) Importer(815301076,1909f56bfc062723c751e8b465ee728b)  -> (artifact id: '8cd0d83dcce8f04cfe5c72ba99192c9e') in 0.024587 seconds 
  Import took 0.035804 seconds .

========================================================================
Received Import Request.
  Time since last request: 0.000191 seconds.
  path: Packages/com.unity.inputsystem/InputSystem/Editor/Icons/Axis@4x.png
  artifactKey: Guid(a940917cc397643afb071010cb2143d9) Importer(815301076,1909f56bfc062723c751e8b465ee728b)
Start importing Packages/com.unity.inputsystem/InputSystem/Editor/Icons/Axis@4x.png using Guid(a940917cc397643afb071010cb2143d9) Importer(815301076,1909f56bfc062723c751e8b465ee728b)  -> (artifact id: 'c172b4a74506eecf8681205182db1882') in 0.024067 seconds 
  Import took 0.035105 seconds .

========================================================================
Received Import Request.
  Time since last request: 0.000169 seconds.
  path: Packages/com.unity.inputsystem/InputSystem/Editor/Icons/Axis@2x.png
  artifactKey: Guid(d0006d51a864248adba0238883f8c71e) Importer(815301076,1909f56bfc062723c751e8b465ee728b)
Start importing Packages/com.unity.inputsystem/InputSystem/Editor/Icons/Axis@2x.png using Guid(d0006d51a864248adba0238883f8c71e) Importer(815301076,1909f56bfc062723c751e8b465ee728b)  -> (artifact id: 'b89a45e2da00977cfc17b7f882a3c48a') in 0.025056 seconds 
  Import took 0.036282 seconds .

========================================================================
Received Import Request.
  Time since last request: 0.303011 seconds.
  path: Packages/com.unity.inputsystem/InputSystem/Editor/AssetEditor/Resources/blue.png
  artifactKey: Guid(33f32142c2c2d4662be5f5274db27158) Importer(815301076,1909f56bfc062723c751e8b465ee728b)
Start importing Packages/com.unity.inputsystem/InputSystem/Editor/AssetEditor/Resources/blue.png using Guid(33f32142c2c2d4662be5f5274db27158) Importer(815301076,1909f56bfc062723c751e8b465ee728b)  -> (artifact id: '56c3b80c00fa8f27d133f669ef363498') in 0.022792 seconds 
  Import took 0.034200 seconds .

========================================================================
Received Import Request.
  Time since last request: 0.028408 seconds.
  path: Assets/Conifers [BOTD]/Shared Sources/Textures/BODT Conifer Trunk [Albedo] [Smoothness].tif
  artifactKey: Guid(802f5539a44734bfcacbe5243d44edf1) Importer(815301076,1909f56bfc062723c751e8b465ee728b)
Start importing Assets/Conifers [BOTD]/Shared Sources/Textures/BODT Conifer Trunk [Albedo] [Smoothness].tif using Guid(802f5539a44734bfcacbe5243d44edf1) Importer(815301076,1909f56bfc062723c751e8b465ee728b)  -> (artifact id: '06f8d0ee8b5e6d5c17f5d7e470b28c75') in 0.027228 seconds 
  Import took 0.038510 seconds .

========================================================================
Received Import Request.
  Time since last request: 3.659933 seconds.
  path: Assets/00_ART/Meshes/Myera_Fish_Farm/Fish
  artifactKey: Guid(4a57184fb13606e488215e6ef833e79d) Importer(815301076,1909f56bfc062723c751e8b465ee728b)
Start importing Assets/00_ART/Meshes/Myera_Fish_Farm/Fish using Guid(4a57184fb13606e488215e6ef833e79d) Importer(815301076,1909f56bfc062723c751e8b465ee728b)  -> (artifact id: 'abc475413c4f1d8c452d2b0f36ad3c34') in 0.013514 seconds 
  Import took 0.024613 seconds .

========================================================================
Received Import Request.
  Time since last request: 2.194344 seconds.
  path: Assets/00_ART/Textures/ArcticChar
  artifactKey: Guid(e7a5a3cb0b4100049bf12e379cd1b2bd) Importer(815301076,1909f56bfc062723c751e8b465ee728b)
Start importing Assets/00_ART/Textures/ArcticChar using Guid(e7a5a3cb0b4100049bf12e379cd1b2bd) Importer(815301076,1909f56bfc062723c751e8b465ee728b)  -> (artifact id: '1f02a11a0530bb4bb6a44ab5e1f8f5f0') in 0.012513 seconds 
  Import took 0.023849 seconds .

========================================================================
Received Import Request.
  Time since last request: 0.068420 seconds.
  path: Assets/00_ART/Textures/ArcticChar/M_ArcticChar_Albedo.tga
  artifactKey: Guid(11479501566271043a75e66bb889e0ba) Importer(815301076,1909f56bfc062723c751e8b465ee728b)
Start importing Assets/00_ART/Textures/ArcticChar/M_ArcticChar_Albedo.tga using Guid(11479501566271043a75e66bb889e0ba) Importer(815301076,1909f56bfc062723c751e8b465ee728b)  -> (artifact id: 'dfa55fd5d4c1a6f8382682fa6ff26fb6') in 0.018447 seconds 
  Import took 0.027809 seconds .

========================================================================
Received Import Request.
  Time since last request: 0.000184 seconds.
  path: Assets/00_ART/Textures/ArcticChar/M_ArcticChar_MRAO.tga
  artifactKey: Guid(62ef5e3dbff67a542ad2e7193338b330) Importer(815301076,1909f56bfc062723c751e8b465ee728b)
Start importing Assets/00_ART/Textures/ArcticChar/M_ArcticChar_MRAO.tga using Guid(62ef5e3dbff67a542ad2e7193338b330) Importer(815301076,1909f56bfc062723c751e8b465ee728b)  -> (artifact id: '3e939e3b6d548fffb6143d5bc16c79ac') in 0.016163 seconds 
  Import took 0.025219 seconds .

========================================================================
Received Import Request.
  Time since last request: 0.000181 seconds.
  path: Assets/00_ART/Textures/ArcticChar/M_ArcticChar_Normal.tga
  artifactKey: Guid(868f3714362e093498ec6426581719f6) Importer(815301076,1909f56bfc062723c751e8b465ee728b)
Start importing Assets/00_ART/Textures/ArcticChar/M_ArcticChar_Normal.tga using Guid(868f3714362e093498ec6426581719f6) Importer(815301076,1909f56bfc062723c751e8b465ee728b)  -> (artifact id: 'a485424a565498871b1c3975cc630a0d') in 0.020083 seconds 
  Import took 0.029263 seconds .

========================================================================
Received Import Request.
  Time since last request: 8.365983 seconds.
  path: Assets/Conifers [BOTD]/Shared Sources/Textures/BODT Conifer x Stump [Albedo] [Smoothness].tif
  artifactKey: Guid(d7e1060759db04260bbeb12bc11664bd) Importer(815301076,1909f56bfc062723c751e8b465ee728b)
Start importing Assets/Conifers [BOTD]/Shared Sources/Textures/BODT Conifer x Stump [Albedo] [Smoothness].tif using Guid(d7e1060759db04260bbeb12bc11664bd) Importer(815301076,1909f56bfc062723c751e8b465ee728b)  -> (artifact id: '51839a77e192eaee036be26d1ffca3c9') in 0.030142 seconds 
  Import took 0.042929 seconds .

========================================================================
Received Import Request.
  Time since last request: 0.291034 seconds.
  path: Packages/com.unity.cinemachine/Gizmos/cm_logo.png
  artifactKey: Guid(b8ba3923a6094cd48b85425f47fd7450) Importer(815301076,1909f56bfc062723c751e8b465ee728b)
Start importing Packages/com.unity.cinemachine/Gizmos/cm_logo.png using Guid(b8ba3923a6094cd48b85425f47fd7450) Importer(815301076,1909f56bfc062723c751e8b465ee728b)  -> (artifact id: 'df74ef6dced11c29f5bab73dd25be44c') in 0.026276 seconds 
  Import took 0.037970 seconds .

========================================================================
Received Import Request.
  Time since last request: 0.000180 seconds.
  path: Assets/00_ART/Textures/N95Mask/M_N95Mask_Albedo.tga
  artifactKey: Guid(b8b7039896f4c3046908afee2ab16726) Importer(815301076,1909f56bfc062723c751e8b465ee728b)
Start importing Assets/00_ART/Textures/N95Mask/M_N95Mask_Albedo.tga using Guid(b8b7039896f4c3046908afee2ab16726) Importer(815301076,1909f56bfc062723c751e8b465ee728b)  -> (artifact id: '83a887c74eaa5e3aa557e1521f565445') in 0.018464 seconds 
  Import took 0.029389 seconds .

========================================================================
Received Import Request.
  Time since last request: 0.000185 seconds.
  path: Assets/00_ART/Textures/N95Mask/M_N95Mask_Normal.tga
  artifactKey: Guid(9309f27eddb49df46b5876baa194406c) Importer(815301076,1909f56bfc062723c751e8b465ee728b)
Start importing Assets/00_ART/Textures/N95Mask/M_N95Mask_Normal.tga using Guid(9309f27eddb49df46b5876baa194406c) Importer(815301076,1909f56bfc062723c751e8b465ee728b)  -> (artifact id: '96c16733af1a5c2b120d484abd274023') in 0.019388 seconds 
  Import took 0.030643 seconds .

========================================================================
Received Import Request.
  Time since last request: 0.000203 seconds.
  path: Assets/00_ART/Textures/VisitorBadge/M_VisitorBadge_MRAO.tga
  artifactKey: Guid(b7891b5b9d332694387e365a62b8c260) Importer(815301076,1909f56bfc062723c751e8b465ee728b)
Start importing Assets/00_ART/Textures/VisitorBadge/M_VisitorBadge_MRAO.tga using Guid(b7891b5b9d332694387e365a62b8c260) Importer(815301076,1909f56bfc062723c751e8b465ee728b)  -> (artifact id: '0568a78d03f56725b4a284f67dc1aa01') in 0.018809 seconds 
  Import took 0.031597 seconds .

========================================================================
Received Import Request.
  Time since last request: 0.000153 seconds.
  path: Assets/00_ART/Textures/VisitorBadge/M_VisitorBadge_Albedo.tga
  artifactKey: Guid(651b79b66c8ae234aa70a5bcdbbdaba1) Importer(815301076,1909f56bfc062723c751e8b465ee728b)
Start importing Assets/00_ART/Textures/VisitorBadge/M_VisitorBadge_Albedo.tga using Guid(651b79b66c8ae234aa70a5bcdbbdaba1) Importer(815301076,1909f56bfc062723c751e8b465ee728b)  -> (artifact id: '964f4f781ec1855d487477943ddc5dcd') in 0.019234 seconds 
  Import took 0.030713 seconds .

========================================================================
Received Import Request.
  Time since last request: 0.000193 seconds.
  path: Assets/00_ART/Textures/VisitorBadge/M_VisitorBadge_Normal.tga
  artifactKey: Guid(e985c1915f4241643b41b96552e357a6) Importer(815301076,1909f56bfc062723c751e8b465ee728b)
Start importing Assets/00_ART/Textures/VisitorBadge/M_VisitorBadge_Normal.tga using Guid(e985c1915f4241643b41b96552e357a6) Importer(815301076,1909f56bfc062723c751e8b465ee728b)  -> (artifact id: '42379f80ab8c8b9f876348aa58f5e881') in 0.017932 seconds 
  Import took 0.028327 seconds .

========================================================================
Received Import Request.
  Time since last request: 0.000212 seconds.
  path: Assets/00_ART/Textures/N95Mask/M_N95Mask_MRAO.tga
  artifactKey: Guid(501f33a32f2dfae40b6db5f20de35c20) Importer(815301076,1909f56bfc062723c751e8b465ee728b)
Start importing Assets/00_ART/Textures/N95Mask/M_N95Mask_MRAO.tga using Guid(501f33a32f2dfae40b6db5f20de35c20) Importer(815301076,1909f56bfc062723c751e8b465ee728b)  -> (artifact id: '23035b80b4c27b08c2ab2eb4cf60c886') in 0.018741 seconds 
  Import took 0.029500 seconds .

========================================================================
Received Import Request.
  Time since last request: 0.000155 seconds.
  path: Packages/com.unity.cinemachine/Editor/EditorResources/cm_logo_sm.png
  artifactKey: Guid(5f2a108eb023faf43a809979fd3d38f2) Importer(815301076,1909f56bfc062723c751e8b465ee728b)
Start importing Packages/com.unity.cinemachine/Editor/EditorResources/cm_logo_sm.png using Guid(5f2a108eb023faf43a809979fd3d38f2) Importer(815301076,1909f56bfc062723c751e8b465ee728b)  -> (artifact id: 'a98a8dbe56df8314412312f865f86b08') in 0.021495 seconds 
  Import took 0.032359 seconds .

AssetImportWorkerClient::OnTransportError - code=2 error=End of file
